[1.202s] Invoking command in '/home/ubuntu/dev_ws/src/py_srvcli': PYTHONPATH=/home/ubuntu/dev_ws/install/py_srvcli/lib/python3.8/site-packages:${PYTHONPATH} /usr/bin/python3 setup.py egg_info --egg-base ../../build/py_srvcli build --build-base /home/ubuntu/dev_ws/build/py_srvcli/build install --prefix /home/ubuntu/dev_ws/install/py_srvcli --record /home/ubuntu/dev_ws/build/py_srvcli/install.log --single-version-externally-managed
[2.240s] running egg_info
[2.242s] creating ../../build/py_srvcli/py_srvcli.egg-info
[2.243s] writing ../../build/py_srvcli/py_srvcli.egg-info/PKG-INFO
[2.244s] writing dependency_links to ../../build/py_srvcli/py_srvcli.egg-info/dependency_links.txt
[2.245s] writing entry points to ../../build/py_srvcli/py_srvcli.egg-info/entry_points.txt
[2.245s] writing requirements to ../../build/py_srvcli/py_srvcli.egg-info/requires.txt
[2.246s] writing top-level names to ../../build/py_srvcli/py_srvcli.egg-info/top_level.txt
[2.252s] writing manifest file '../../build/py_srvcli/py_srvcli.egg-info/SOURCES.txt'
[2.382s] reading manifest file '../../build/py_srvcli/py_srvcli.egg-info/SOURCES.txt'
[2.386s] writing manifest file '../../build/py_srvcli/py_srvcli.egg-info/SOURCES.txt'
[2.386s] running build
[2.387s] running build_py
[2.387s] creating /home/ubuntu/dev_ws/build/py_srvcli/build
[2.388s] creating /home/ubuntu/dev_ws/build/py_srvcli/build/lib
[2.388s] creating /home/ubuntu/dev_ws/build/py_srvcli/build/lib/py_srvcli
[2.389s] copying py_srvcli/__init__.py -> /home/ubuntu/dev_ws/build/py_srvcli/build/lib/py_srvcli
[2.389s] copying py_srvcli/service_member_function.py -> /home/ubuntu/dev_ws/build/py_srvcli/build/lib/py_srvcli
[2.390s] running install
[2.393s] running install_lib
[2.397s] creating /home/ubuntu/dev_ws/install/py_srvcli/lib/python3.8/site-packages/py_srvcli
[2.397s] copying /home/ubuntu/dev_ws/build/py_srvcli/build/lib/py_srvcli/__init__.py -> /home/ubuntu/dev_ws/install/py_srvcli/lib/python3.8/site-packages/py_srvcli
[2.398s] copying /home/ubuntu/dev_ws/build/py_srvcli/build/lib/py_srvcli/service_member_function.py -> /home/ubuntu/dev_ws/install/py_srvcli/lib/python3.8/site-packages/py_srvcli
[2.401s] byte-compiling /home/ubuntu/dev_ws/install/py_srvcli/lib/python3.8/site-packages/py_srvcli/__init__.py to __init__.cpython-38.pyc
[2.406s] byte-compiling /home/ubuntu/dev_ws/install/py_srvcli/lib/python3.8/site-packages/py_srvcli/service_member_function.py to service_member_function.cpython-38.pyc
[2.407s] running install_data
[2.410s] creating /home/ubuntu/dev_ws/install/py_srvcli/share/ament_index
[2.411s] creating /home/ubuntu/dev_ws/install/py_srvcli/share/ament_index/resource_index
[2.412s] creating /home/ubuntu/dev_ws/install/py_srvcli/share/ament_index/resource_index/packages
[2.412s] copying resource/py_srvcli -> /home/ubuntu/dev_ws/install/py_srvcli/share/ament_index/resource_index/packages
[2.413s] copying package.xml -> /home/ubuntu/dev_ws/install/py_srvcli/share/py_srvcli
[2.413s] running install_egg_info
[2.419s] Copying ../../build/py_srvcli/py_srvcli.egg-info to /home/ubuntu/dev_ws/install/py_srvcli/lib/python3.8/site-packages/py_srvcli-0.0.0-py3.8.egg-info
[2.424s] running install_scripts
[2.495s] Installing client script to /home/ubuntu/dev_ws/install/py_srvcli/lib/py_srvcli
[2.495s] Installing service script to /home/ubuntu/dev_ws/install/py_srvcli/lib/py_srvcli
[2.497s] writing list of installed files to '/home/ubuntu/dev_ws/build/py_srvcli/install.log'
[2.594s] Invoked command in '/home/ubuntu/dev_ws/src/py_srvcli' returned '0': PYTHONPATH=/home/ubuntu/dev_ws/install/py_srvcli/lib/python3.8/site-packages:${PYTHONPATH} /usr/bin/python3 setup.py egg_info --egg-base ../../build/py_srvcli build --build-base /home/ubuntu/dev_ws/build/py_srvcli/build install --prefix /home/ubuntu/dev_ws/install/py_srvcli --record /home/ubuntu/dev_ws/build/py_srvcli/install.log --single-version-externally-managed
