[1.197s] Invoking command in '/home/ubuntu/dev_ws/src/py_srvcli': PYTHONPATH=/home/ubuntu/dev_ws/install/py_srvcli/lib/python3.8/site-packages:${PYTHONPATH} /usr/bin/python3 setup.py egg_info --egg-base ../../build/py_srvcli build --build-base /home/ubuntu/dev_ws/build/py_srvcli/build install --prefix /home/ubuntu/dev_ws/install/py_srvcli --record /home/ubuntu/dev_ws/build/py_srvcli/install.log --single-version-externally-managed
[2.244s] running egg_info
[2.247s] writing ../../build/py_srvcli/py_srvcli.egg-info/PKG-INFO
[2.248s] writing dependency_links to ../../build/py_srvcli/py_srvcli.egg-info/dependency_links.txt
[2.249s] writing entry points to ../../build/py_srvcli/py_srvcli.egg-info/entry_points.txt
[2.249s] writing requirements to ../../build/py_srvcli/py_srvcli.egg-info/requires.txt
[2.250s] writing top-level names to ../../build/py_srvcli/py_srvcli.egg-info/top_level.txt
[2.386s] reading manifest file '../../build/py_srvcli/py_srvcli.egg-info/SOURCES.txt'
[2.390s] writing manifest file '../../build/py_srvcli/py_srvcli.egg-info/SOURCES.txt'
[2.390s] running build
[2.391s] running build_py
[2.392s] copying py_srvcli/client_member_function.py -> /home/ubuntu/dev_ws/build/py_srvcli/build/lib/py_srvcli
[2.393s] running install
[2.396s] running install_lib
[2.401s] copying /home/ubuntu/dev_ws/build/py_srvcli/build/lib/py_srvcli/client_member_function.py -> /home/ubuntu/dev_ws/install/py_srvcli/lib/python3.8/site-packages/py_srvcli
[2.404s] byte-compiling /home/ubuntu/dev_ws/install/py_srvcli/lib/python3.8/site-packages/py_srvcli/client_member_function.py to client_member_function.cpython-38.pyc
[2.409s] running install_data
[2.412s] running install_egg_info
[2.418s] removing '/home/ubuntu/dev_ws/install/py_srvcli/lib/python3.8/site-packages/py_srvcli-0.0.0-py3.8.egg-info' (and everything under it)
[2.420s] Copying ../../build/py_srvcli/py_srvcli.egg-info to /home/ubuntu/dev_ws/install/py_srvcli/lib/python3.8/site-packages/py_srvcli-0.0.0-py3.8.egg-info
[2.424s] running install_scripts
[2.494s] Installing client script to /home/ubuntu/dev_ws/install/py_srvcli/lib/py_srvcli
[2.495s] Installing service script to /home/ubuntu/dev_ws/install/py_srvcli/lib/py_srvcli
[2.496s] writing list of installed files to '/home/ubuntu/dev_ws/build/py_srvcli/install.log'
[2.594s] Invoked command in '/home/ubuntu/dev_ws/src/py_srvcli' returned '0': PYTHONPATH=/home/ubuntu/dev_ws/install/py_srvcli/lib/python3.8/site-packages:${PYTHONPATH} /usr/bin/python3 setup.py egg_info --egg-base ../../build/py_srvcli build --build-base /home/ubuntu/dev_ws/build/py_srvcli/build install --prefix /home/ubuntu/dev_ws/install/py_srvcli --record /home/ubuntu/dev_ws/build/py_srvcli/install.log --single-version-externally-managed
