[1.275s] Invoking command in '/home/ubuntu/dev_ws/src/py_pubsub': PYTHONPATH=/home/ubuntu/dev_ws/install/py_pubsub/lib/python3.8/site-packages:${PYTHONPATH} /usr/bin/python3 setup.py egg_info --egg-base ../../build/py_pubsub build --build-base /home/ubuntu/dev_ws/build/py_pubsub/build install --prefix /home/ubuntu/dev_ws/install/py_pubsub --record /home/ubuntu/dev_ws/build/py_pubsub/install.log --single-version-externally-managed
[2.370s] running egg_info
[2.372s] writing ../../build/py_pubsub/py_pubsub.egg-info/PKG-INFO
[2.373s] writing dependency_links to ../../build/py_pubsub/py_pubsub.egg-info/dependency_links.txt
[2.374s] writing entry points to ../../build/py_pubsub/py_pubsub.egg-info/entry_points.txt
[2.375s] writing requirements to ../../build/py_pubsub/py_pubsub.egg-info/requires.txt
[2.376s] writing top-level names to ../../build/py_pubsub/py_pubsub.egg-info/top_level.txt
[2.517s] reading manifest file '../../build/py_pubsub/py_pubsub.egg-info/SOURCES.txt'
[2.521s] writing manifest file '../../build/py_pubsub/py_pubsub.egg-info/SOURCES.txt'
[2.522s] running build
[2.522s] running build_py
[2.524s] running install
[2.527s] running install_lib
[2.534s] running install_data
[2.537s] running install_egg_info
[2.545s] removing '/home/ubuntu/dev_ws/install/py_pubsub/lib/python3.8/site-packages/py_pubsub-0.0.0-py3.8.egg-info' (and everything under it)
[2.549s] Copying ../../build/py_pubsub/py_pubsub.egg-info to /home/ubuntu/dev_ws/install/py_pubsub/lib/python3.8/site-packages/py_pubsub-0.0.0-py3.8.egg-info
[2.554s] running install_scripts
[2.625s] Installing listener script to /home/ubuntu/dev_ws/install/py_pubsub/lib/py_pubsub
[2.626s] Installing talker script to /home/ubuntu/dev_ws/install/py_pubsub/lib/py_pubsub
[2.628s] writing list of installed files to '/home/ubuntu/dev_ws/build/py_pubsub/install.log'
[2.733s] Invoked command in '/home/ubuntu/dev_ws/src/py_pubsub' returned '0': PYTHONPATH=/home/ubuntu/dev_ws/install/py_pubsub/lib/python3.8/site-packages:${PYTHONPATH} /usr/bin/python3 setup.py egg_info --egg-base ../../build/py_pubsub build --build-base /home/ubuntu/dev_ws/build/py_pubsub/build install --prefix /home/ubuntu/dev_ws/install/py_pubsub --record /home/ubuntu/dev_ws/build/py_pubsub/install.log --single-version-externally-managed
