[1.319s] Invoking command in '/home/ubuntu/dev_ws/src/py_pubsub': PYTHONPATH=/home/ubuntu/dev_ws/install/py_pubsub/lib/python3.8/site-packages:${PYTHONPATH} /usr/bin/python3 setup.py egg_info --egg-base ../../build/py_pubsub build --build-base /home/ubuntu/dev_ws/build/py_pubsub/build install --prefix /home/ubuntu/dev_ws/install/py_pubsub --record /home/ubuntu/dev_ws/build/py_pubsub/install.log --single-version-externally-managed
[2.410s] running egg_info
[2.412s] creating ../../build/py_pubsub/py_pubsub.egg-info
[2.413s] writing ../../build/py_pubsub/py_pubsub.egg-info/PKG-INFO
[2.414s] writing dependency_links to ../../build/py_pubsub/py_pubsub.egg-info/dependency_links.txt
[2.415s] writing entry points to ../../build/py_pubsub/py_pubsub.egg-info/entry_points.txt
[2.415s] writing requirements to ../../build/py_pubsub/py_pubsub.egg-info/requires.txt
[2.416s] writing top-level names to ../../build/py_pubsub/py_pubsub.egg-info/top_level.txt
[2.422s] writing manifest file '../../build/py_pubsub/py_pubsub.egg-info/SOURCES.txt'
[2.562s] reading manifest file '../../build/py_pubsub/py_pubsub.egg-info/SOURCES.txt'
[2.565s] writing manifest file '../../build/py_pubsub/py_pubsub.egg-info/SOURCES.txt'
[2.566s] running build
[2.566s] running build_py
[2.567s] creating /home/ubuntu/dev_ws/build/py_pubsub/build
[2.567s] creating /home/ubuntu/dev_ws/build/py_pubsub/build/lib
[2.568s] creating /home/ubuntu/dev_ws/build/py_pubsub/build/lib/py_pubsub
[2.568s] copying py_pubsub/publisher_member_function.py -> /home/ubuntu/dev_ws/build/py_pubsub/build/lib/py_pubsub
[2.569s] copying py_pubsub/__init__.py -> /home/ubuntu/dev_ws/build/py_pubsub/build/lib/py_pubsub
[2.569s] copying py_pubsub/subscriber_member_function.py -> /home/ubuntu/dev_ws/build/py_pubsub/build/lib/py_pubsub
[2.570s] running install
[2.574s] running install_lib
[2.578s] creating /home/ubuntu/dev_ws/install/py_pubsub/lib/python3.8/site-packages/py_pubsub
[2.578s] copying /home/ubuntu/dev_ws/build/py_pubsub/build/lib/py_pubsub/publisher_member_function.py -> /home/ubuntu/dev_ws/install/py_pubsub/lib/python3.8/site-packages/py_pubsub
[2.579s] copying /home/ubuntu/dev_ws/build/py_pubsub/build/lib/py_pubsub/__init__.py -> /home/ubuntu/dev_ws/install/py_pubsub/lib/python3.8/site-packages/py_pubsub
[2.579s] copying /home/ubuntu/dev_ws/build/py_pubsub/build/lib/py_pubsub/subscriber_member_function.py -> /home/ubuntu/dev_ws/install/py_pubsub/lib/python3.8/site-packages/py_pubsub
[2.582s] byte-compiling /home/ubuntu/dev_ws/install/py_pubsub/lib/python3.8/site-packages/py_pubsub/publisher_member_function.py to publisher_member_function.cpython-38.pyc
[2.588s] byte-compiling /home/ubuntu/dev_ws/install/py_pubsub/lib/python3.8/site-packages/py_pubsub/__init__.py to __init__.cpython-38.pyc
[2.589s] byte-compiling /home/ubuntu/dev_ws/install/py_pubsub/lib/python3.8/site-packages/py_pubsub/subscriber_member_function.py to subscriber_member_function.cpython-38.pyc
[2.590s] running install_data
[2.593s] creating /home/ubuntu/dev_ws/install/py_pubsub/share/ament_index
[2.593s] creating /home/ubuntu/dev_ws/install/py_pubsub/share/ament_index/resource_index
[2.594s] creating /home/ubuntu/dev_ws/install/py_pubsub/share/ament_index/resource_index/packages
[2.594s] copying resource/py_pubsub -> /home/ubuntu/dev_ws/install/py_pubsub/share/ament_index/resource_index/packages
[2.595s] copying package.xml -> /home/ubuntu/dev_ws/install/py_pubsub/share/py_pubsub
[2.595s] running install_egg_info
[2.601s] Copying ../../build/py_pubsub/py_pubsub.egg-info to /home/ubuntu/dev_ws/install/py_pubsub/lib/python3.8/site-packages/py_pubsub-0.0.0-py3.8.egg-info
[2.606s] running install_scripts
[2.682s] Installing listener script to /home/ubuntu/dev_ws/install/py_pubsub/lib/py_pubsub
[2.683s] Installing talker script to /home/ubuntu/dev_ws/install/py_pubsub/lib/py_pubsub
[2.684s] writing list of installed files to '/home/ubuntu/dev_ws/build/py_pubsub/install.log'
[2.792s] Invoked command in '/home/ubuntu/dev_ws/src/py_pubsub' returned '0': PYTHONPATH=/home/ubuntu/dev_ws/install/py_pubsub/lib/python3.8/site-packages:${PYTHONPATH} /usr/bin/python3 setup.py egg_info --egg-base ../../build/py_pubsub build --build-base /home/ubuntu/dev_ws/build/py_pubsub/build install --prefix /home/ubuntu/dev_ws/install/py_pubsub --record /home/ubuntu/dev_ws/build/py_pubsub/install.log --single-version-externally-managed
