[1.249s] Invoking command in '/home/ubuntu/dev_ws/src/py_pubsub': PYTHONPATH=/home/ubuntu/dev_ws/install/py_pubsub/lib/python3.8/site-packages:${PYTHONPATH} /usr/bin/python3 setup.py egg_info --egg-base ../../build/py_pubsub build --build-base /home/ubuntu/dev_ws/build/py_pubsub/build install --prefix /home/ubuntu/dev_ws/install/py_pubsub --record /home/ubuntu/dev_ws/build/py_pubsub/install.log --single-version-externally-managed
[2.316s] running egg_info
[2.318s] writing ../../build/py_pubsub/py_pubsub.egg-info/PKG-INFO
[2.320s] writing dependency_links to ../../build/py_pubsub/py_pubsub.egg-info/dependency_links.txt
[2.321s] writing entry points to ../../build/py_pubsub/py_pubsub.egg-info/entry_points.txt
[2.322s] writing requirements to ../../build/py_pubsub/py_pubsub.egg-info/requires.txt
[2.322s] writing top-level names to ../../build/py_pubsub/py_pubsub.egg-info/top_level.txt
[2.462s] reading manifest file '../../build/py_pubsub/py_pubsub.egg-info/SOURCES.txt'
[2.467s] writing manifest file '../../build/py_pubsub/py_pubsub.egg-info/SOURCES.txt'
[2.467s] running build
[2.468s] running build_py
[2.470s] copying py_pubsub/publisher_member_function.py -> /home/ubuntu/dev_ws/build/py_pubsub/build/lib/py_pubsub
[2.471s] copying py_pubsub/subscriber_member_function.py -> /home/ubuntu/dev_ws/build/py_pubsub/build/lib/py_pubsub
[2.472s] copying py_pubsub/simple_publisher.py -> /home/ubuntu/dev_ws/build/py_pubsub/build/lib/py_pubsub
[2.474s] running install
[2.477s] running install_lib
[2.482s] copying /home/ubuntu/dev_ws/build/py_pubsub/build/lib/py_pubsub/publisher_member_function.py -> /home/ubuntu/dev_ws/install/py_pubsub/lib/python3.8/site-packages/py_pubsub
[2.483s] copying /home/ubuntu/dev_ws/build/py_pubsub/build/lib/py_pubsub/subscriber_member_function.py -> /home/ubuntu/dev_ws/install/py_pubsub/lib/python3.8/site-packages/py_pubsub
[2.484s] copying /home/ubuntu/dev_ws/build/py_pubsub/build/lib/py_pubsub/simple_publisher.py -> /home/ubuntu/dev_ws/install/py_pubsub/lib/python3.8/site-packages/py_pubsub
[2.487s] byte-compiling /home/ubuntu/dev_ws/install/py_pubsub/lib/python3.8/site-packages/py_pubsub/publisher_member_function.py to publisher_member_function.cpython-38.pyc
[2.491s] Sorry: TabError: inconsistent use of tabs and spaces in indentation (publisher_member_function.py, line 27)
[2.492s] byte-compiling /home/ubuntu/dev_ws/install/py_pubsub/lib/python3.8/site-packages/py_pubsub/subscriber_member_function.py to subscriber_member_function.cpython-38.pyc
[2.493s] Sorry: TabError: inconsistent use of tabs and spaces in indentation (subscriber_member_function.py, line 30)
[2.493s] byte-compiling /home/ubuntu/dev_ws/install/py_pubsub/lib/python3.8/site-packages/py_pubsub/simple_publisher.py to simple_publisher.cpython-38.pyc
[2.494s] running install_data
[2.497s] copying package.xml -> /home/ubuntu/dev_ws/install/py_pubsub/share/py_pubsub
[2.497s] running install_egg_info
[2.504s] removing '/home/ubuntu/dev_ws/install/py_pubsub/lib/python3.8/site-packages/py_pubsub-0.0.0-py3.8.egg-info' (and everything under it)
[2.505s] Copying ../../build/py_pubsub/py_pubsub.egg-info to /home/ubuntu/dev_ws/install/py_pubsub/lib/python3.8/site-packages/py_pubsub-0.0.0-py3.8.egg-info
[2.511s] running install_scripts
[2.582s] Installing listener script to /home/ubuntu/dev_ws/install/py_pubsub/lib/py_pubsub
[2.583s] Installing talker script to /home/ubuntu/dev_ws/install/py_pubsub/lib/py_pubsub
[2.585s] writing list of installed files to '/home/ubuntu/dev_ws/build/py_pubsub/install.log'
[2.682s] Invoked command in '/home/ubuntu/dev_ws/src/py_pubsub' returned '0': PYTHONPATH=/home/ubuntu/dev_ws/install/py_pubsub/lib/python3.8/site-packages:${PYTHONPATH} /usr/bin/python3 setup.py egg_info --egg-base ../../build/py_pubsub build --build-base /home/ubuntu/dev_ws/build/py_pubsub/build install --prefix /home/ubuntu/dev_ws/install/py_pubsub --record /home/ubuntu/dev_ws/build/py_pubsub/install.log --single-version-externally-managed
