[1.225s] Invoking command in '/home/ubuntu/dev_ws/src/py_pubsub': PYTHONPATH=/home/ubuntu/dev_ws/install/py_pubsub/lib/python3.8/site-packages:${PYTHONPATH} /usr/bin/python3 setup.py egg_info --egg-base ../../build/py_pubsub build --build-base /home/ubuntu/dev_ws/build/py_pubsub/build install --prefix /home/ubuntu/dev_ws/install/py_pubsub --record /home/ubuntu/dev_ws/build/py_pubsub/install.log --single-version-externally-managed
[2.282s] running egg_info
[2.284s] writing ../../build/py_pubsub/py_pubsub.egg-info/PKG-INFO
[2.285s] writing dependency_links to ../../build/py_pubsub/py_pubsub.egg-info/dependency_links.txt
[2.286s] writing entry points to ../../build/py_pubsub/py_pubsub.egg-info/entry_points.txt
[2.287s] writing requirements to ../../build/py_pubsub/py_pubsub.egg-info/requires.txt
[2.287s] writing top-level names to ../../build/py_pubsub/py_pubsub.egg-info/top_level.txt
[2.425s] reading manifest file '../../build/py_pubsub/py_pubsub.egg-info/SOURCES.txt'
[2.428s] writing manifest file '../../build/py_pubsub/py_pubsub.egg-info/SOURCES.txt'
[2.429s] running build
[2.429s] running build_py
[2.430s] copying py_pubsub/publisher_member_function.py -> /home/ubuntu/dev_ws/build/py_pubsub/build/lib/py_pubsub
[2.431s] copying py_pubsub/subscriber_member_function.py -> /home/ubuntu/dev_ws/build/py_pubsub/build/lib/py_pubsub
[2.433s] running install
[2.436s] running install_lib
[2.440s] copying /home/ubuntu/dev_ws/build/py_pubsub/build/lib/py_pubsub/publisher_member_function.py -> /home/ubuntu/dev_ws/install/py_pubsub/lib/python3.8/site-packages/py_pubsub
[2.441s] copying /home/ubuntu/dev_ws/build/py_pubsub/build/lib/py_pubsub/subscriber_member_function.py -> /home/ubuntu/dev_ws/install/py_pubsub/lib/python3.8/site-packages/py_pubsub
[2.444s] byte-compiling /home/ubuntu/dev_ws/install/py_pubsub/lib/python3.8/site-packages/py_pubsub/publisher_member_function.py to publisher_member_function.cpython-38.pyc
[2.450s] byte-compiling /home/ubuntu/dev_ws/install/py_pubsub/lib/python3.8/site-packages/py_pubsub/subscriber_member_function.py to subscriber_member_function.cpython-38.pyc
[2.453s] running install_data
[2.455s] running install_egg_info
[2.461s] removing '/home/ubuntu/dev_ws/install/py_pubsub/lib/python3.8/site-packages/py_pubsub-0.0.0-py3.8.egg-info' (and everything under it)
[2.463s] Copying ../../build/py_pubsub/py_pubsub.egg-info to /home/ubuntu/dev_ws/install/py_pubsub/lib/python3.8/site-packages/py_pubsub-0.0.0-py3.8.egg-info
[2.468s] running install_scripts
[2.538s] Installing listener script to /home/ubuntu/dev_ws/install/py_pubsub/lib/py_pubsub
[2.539s] Installing talker script to /home/ubuntu/dev_ws/install/py_pubsub/lib/py_pubsub
[2.540s] writing list of installed files to '/home/ubuntu/dev_ws/build/py_pubsub/install.log'
[2.637s] Invoked command in '/home/ubuntu/dev_ws/src/py_pubsub' returned '0': PYTHONPATH=/home/ubuntu/dev_ws/install/py_pubsub/lib/python3.8/site-packages:${PYTHONPATH} /usr/bin/python3 setup.py egg_info --egg-base ../../build/py_pubsub build --build-base /home/ubuntu/dev_ws/build/py_pubsub/build install --prefix /home/ubuntu/dev_ws/install/py_pubsub --record /home/ubuntu/dev_ws/build/py_pubsub/install.log --single-version-externally-managed
