[0.068s] Invoking command in '/home/ubuntu/dev_ws/build/tutorial_interfaces': CMAKE_PREFIX_PATH=${CMAKE_PREFIX_PATH}:/home/ubuntu/dev_ws/install/py_srvcli:/home/ubuntu/dev_ws/install/py_pubsub:/home/ubuntu/dev_ws/install/my_package:/home/ubuntu/ros2_opencv_ws/install/cv_basics:/home/ubuntu/turtlebot3_ws/install/turtlebot3_teleop:/home/ubuntu/turtlebot3_ws/install/turtlebot3_example:/opt/ros/foxy /usr/bin/cmake /home/ubuntu/dev_ws/src/tutorial_interfaces -DCMAKE_INSTALL_PREFIX=/home/ubuntu/dev_ws/install/tutorial_interfaces
[0.571s] -- The C compiler identification is GNU 9.3.0
[1.366s] -- The CXX compiler identification is GNU 9.3.0
[1.401s] -- Check for working C compiler: /usr/bin/cc
[1.788s] -- Check for working C compiler: /usr/bin/cc -- works
[1.795s] -- Detecting C compiler ABI info
[2.153s] -- Detecting C compiler ABI info - done
[2.195s] -- Detecting C compile features
[2.197s] -- Detecting C compile features - done
[2.209s] -- Check for working CXX compiler: /usr/bin/c++
[2.594s] -- Check for working CXX compiler: /usr/bin/c++ -- works
[2.599s] -- Detecting CXX compiler ABI info
[2.993s] -- Detecting CXX compiler ABI info - done
[3.036s] -- Detecting CXX compile features
[3.038s] -- Detecting CXX compile features - done
[3.091s] -- Found ament_cmake: 0.9.8 (/opt/ros/foxy/share/ament_cmake/cmake)
[3.332s] -- Found PythonInterp: /usr/bin/python3 (found suitable version "3.8.5", minimum required is "3") 
[3.332s] -- Using PYTHON_EXECUTABLE: /usr/bin/python3
[4.768s] -- Found ament_lint_auto: 0.9.6 (/opt/ros/foxy/share/ament_lint_auto/cmake)
[5.441s] -- Added test 'copyright' to check source files copyright and LICENSE
[5.462s] -- Added test 'lint_cmake' to check CMake code style
[5.474s] -- Added test 'xmllint' to check XML markup files
[5.522s] -- Found rosidl_default_generators: 1.0.0 (/opt/ros/foxy/share/rosidl_default_generators/cmake)
[5.605s] -- Using all available rosidl_typesupport_c: rosidl_typesupport_fastrtps_c;rosidl_typesupport_introspection_c
[5.732s] -- Found rosidl_adapter: 1.2.0 (/opt/ros/foxy/share/rosidl_adapter/cmake)
[6.896s] -- Found OpenSSL: /usr/lib/aarch64-linux-gnu/libcrypto.so (found version "1.1.1f")  
[7.231s] -- Found FastRTPS: /opt/ros/foxy/include  
[8.127s] -- Using all available rosidl_typesupport_cpp: rosidl_typesupport_fastrtps_cpp;rosidl_typesupport_introspection_cpp
[8.343s] CMake Error at /opt/ros/foxy/share/rosidl_cmake/cmake/rosidl_generate_interfaces.cmake:64 (message):
[8.343s]   rosidl_generate_interfaces() must be called before ament_package()
[8.343s] Call Stack (most recent call first):
[8.344s]   CMakeLists.txt:39 (rosidl_generate_interfaces)
[8.344s] 
[8.344s] 
[8.357s] -- Configuring incomplete, errors occurred!
[8.358s] See also "/home/ubuntu/dev_ws/build/tutorial_interfaces/CMakeFiles/CMakeOutput.log".
[8.375s] Invoked command in '/home/ubuntu/dev_ws/build/tutorial_interfaces' returned '1': CMAKE_PREFIX_PATH=${CMAKE_PREFIX_PATH}:/home/ubuntu/dev_ws/install/py_srvcli:/home/ubuntu/dev_ws/install/py_pubsub:/home/ubuntu/dev_ws/install/my_package:/home/ubuntu/ros2_opencv_ws/install/cv_basics:/home/ubuntu/turtlebot3_ws/install/turtlebot3_teleop:/home/ubuntu/turtlebot3_ws/install/turtlebot3_example:/opt/ros/foxy /usr/bin/cmake /home/ubuntu/dev_ws/src/tutorial_interfaces -DCMAKE_INSTALL_PREFIX=/home/ubuntu/dev_ws/install/tutorial_interfaces
