[1.221s] Invoking command in '/home/ubuntu/dev_ws/src/py_srvcli': PYTHONPATH=/home/ubuntu/dev_ws/install/py_srvcli/lib/python3.8/site-packages:/home/ubuntu/dev_ws/install/tutorial_interfaces/lib/python3.8/site-packages:/home/ubuntu/dev_ws/install/py_srvcli/lib/python3.8/site-packages:/home/ubuntu/dev_ws/install/py_pubsub/lib/python3.8/site-packages:/home/ubuntu/dev_ws/install/turtlesim/lib/python3.8/site-packages:/home/ubuntu/dev_ws/install/my_package/lib/python3.8/site-packages:/home/ubuntu/ros2_opencv_ws/install/turtlesim/lib/python3.8/site-packages:/home/ubuntu/ros2_opencv_ws/install/cv_basics/lib/python3.8/site-packages:/home/ubuntu/turtlebot3_ws/build/turtlebot3_teleop:/home/ubuntu/turtlebot3_ws/install/turtlebot3_teleop/lib/python3.8/site-packages:/home/ubuntu/turtlebot3_ws/build/turtlebot3_example:/home/ubuntu/turtlebot3_ws/install/turtlebot3_example/lib/python3.8/site-packages:/home/ubuntu/turtlebot3_ws/install/turtlebot3_msgs/lib/python3.8/site-packages:/opt/ros/foxy/lib/python3.8/site-packages /usr/bin/python3 setup.py egg_info --egg-base ../../build/py_srvcli build --build-base /home/ubuntu/dev_ws/build/py_srvcli/build install --prefix /home/ubuntu/dev_ws/install/py_srvcli --record /home/ubuntu/dev_ws/build/py_srvcli/install.log --single-version-externally-managed
[2.275s] running egg_info
[2.277s] writing ../../build/py_srvcli/py_srvcli.egg-info/PKG-INFO
[2.278s] writing dependency_links to ../../build/py_srvcli/py_srvcli.egg-info/dependency_links.txt
[2.279s] writing entry points to ../../build/py_srvcli/py_srvcli.egg-info/entry_points.txt
[2.280s] writing requirements to ../../build/py_srvcli/py_srvcli.egg-info/requires.txt
[2.280s] writing top-level names to ../../build/py_srvcli/py_srvcli.egg-info/top_level.txt
[2.417s] reading manifest file '../../build/py_srvcli/py_srvcli.egg-info/SOURCES.txt'
[2.421s] writing manifest file '../../build/py_srvcli/py_srvcli.egg-info/SOURCES.txt'
[2.422s] running build
[2.422s] running build_py
[2.423s] copying py_srvcli/service_member_function.py -> /home/ubuntu/dev_ws/build/py_srvcli/build/lib/py_srvcli
[2.424s] running install
[2.428s] running install_lib
[2.432s] copying /home/ubuntu/dev_ws/build/py_srvcli/build/lib/py_srvcli/service_member_function.py -> /home/ubuntu/dev_ws/install/py_srvcli/lib/python3.8/site-packages/py_srvcli
[2.435s] byte-compiling /home/ubuntu/dev_ws/install/py_srvcli/lib/python3.8/site-packages/py_srvcli/service_member_function.py to service_member_function.cpython-38.pyc
[2.441s] running install_data
[2.444s] running install_egg_info
[2.450s] removing '/home/ubuntu/dev_ws/install/py_srvcli/lib/python3.8/site-packages/py_srvcli-0.0.0-py3.8.egg-info' (and everything under it)
[2.452s] Copying ../../build/py_srvcli/py_srvcli.egg-info to /home/ubuntu/dev_ws/install/py_srvcli/lib/python3.8/site-packages/py_srvcli-0.0.0-py3.8.egg-info
[2.456s] running install_scripts
[2.526s] Installing client script to /home/ubuntu/dev_ws/install/py_srvcli/lib/py_srvcli
[2.527s] Installing service script to /home/ubuntu/dev_ws/install/py_srvcli/lib/py_srvcli
[2.529s] writing list of installed files to '/home/ubuntu/dev_ws/build/py_srvcli/install.log'
[2.626s] Invoked command in '/home/ubuntu/dev_ws/src/py_srvcli' returned '0': PYTHONPATH=/home/ubuntu/dev_ws/install/py_srvcli/lib/python3.8/site-packages:/home/ubuntu/dev_ws/install/tutorial_interfaces/lib/python3.8/site-packages:/home/ubuntu/dev_ws/install/py_srvcli/lib/python3.8/site-packages:/home/ubuntu/dev_ws/install/py_pubsub/lib/python3.8/site-packages:/home/ubuntu/dev_ws/install/turtlesim/lib/python3.8/site-packages:/home/ubuntu/dev_ws/install/my_package/lib/python3.8/site-packages:/home/ubuntu/ros2_opencv_ws/install/turtlesim/lib/python3.8/site-packages:/home/ubuntu/ros2_opencv_ws/install/cv_basics/lib/python3.8/site-packages:/home/ubuntu/turtlebot3_ws/build/turtlebot3_teleop:/home/ubuntu/turtlebot3_ws/install/turtlebot3_teleop/lib/python3.8/site-packages:/home/ubuntu/turtlebot3_ws/build/turtlebot3_example:/home/ubuntu/turtlebot3_ws/install/turtlebot3_example/lib/python3.8/site-packages:/home/ubuntu/turtlebot3_ws/install/turtlebot3_msgs/lib/python3.8/site-packages:/opt/ros/foxy/lib/python3.8/site-packages /usr/bin/python3 setup.py egg_info --egg-base ../../build/py_srvcli build --build-base /home/ubuntu/dev_ws/build/py_srvcli/build install --prefix /home/ubuntu/dev_ws/install/py_srvcli --record /home/ubuntu/dev_ws/build/py_srvcli/install.log --single-version-externally-managed
