[0.087s] Invoking command in '/home/ubuntu/dev_ws/build/action_tutorials_interfaces': CMAKE_PREFIX_PATH=${CMAKE_PREFIX_PATH}:/home/ubuntu/dev_ws/install/py_srvcli:/home/ubuntu/dev_ws/install/py_pubsub:/home/ubuntu/dev_ws/install/turtlesim_simple:/home/ubuntu/dev_ws/install/my_package:/home/ubuntu/ros2_opencv_ws/install/cv_basics:/home/ubuntu/turtlebot3_ws/install/turtlebot3_teleop:/home/ubuntu/turtlebot3_ws/install/turtlebot3_example:/opt/ros/foxy /usr/bin/cmake /home/ubuntu/dev_ws/src/action_tutorials_interfaces -DCMAKE_INSTALL_PREFIX=/home/ubuntu/dev_ws/install/action_tutorials_interfaces
[1.219s] -- The C compiler identification is GNU 9.3.0
[2.031s] -- The CXX compiler identification is GNU 9.3.0
[2.067s] -- Check for working C compiler: /usr/bin/cc
[2.463s] -- Check for working C compiler: /usr/bin/cc -- works
[2.469s] -- Detecting C compiler ABI info
[2.828s] -- Detecting C compiler ABI info - done
[2.874s] -- Detecting C compile features
[2.877s] -- Detecting C compile features - done
[2.891s] -- Check for working CXX compiler: /usr/bin/c++
[3.289s] -- Check for working CXX compiler: /usr/bin/c++ -- works
[3.293s] -- Detecting CXX compiler ABI info
[3.710s] -- Detecting CXX compiler ABI info - done
[3.758s] -- Detecting CXX compile features
[3.760s] -- Detecting CXX compile features - done
[3.818s] -- Found ament_cmake: 0.9.8 (/opt/ros/foxy/share/ament_cmake/cmake)
[4.070s] -- Found PythonInterp: /usr/bin/python3 (found suitable version "3.8.5", minimum required is "3") 
[4.071s] -- Using PYTHON_EXECUTABLE: /usr/bin/python3
[5.578s] -- Found ament_lint_auto: 0.9.6 (/opt/ros/foxy/share/ament_lint_auto/cmake)
[6.315s] -- Found rosidl_default_generators: 1.0.0 (/opt/ros/foxy/share/rosidl_default_generators/cmake)
[6.387s] -- Using all available rosidl_typesupport_c: rosidl_typesupport_fastrtps_c;rosidl_typesupport_introspection_c
[6.523s] -- Found rosidl_adapter: 1.2.0 (/opt/ros/foxy/share/rosidl_adapter/cmake)
[7.716s] -- Found OpenSSL: /usr/lib/aarch64-linux-gnu/libcrypto.so (found version "1.1.1f")  
[8.058s] -- Found FastRTPS: /opt/ros/foxy/include  
[8.985s] -- Using all available rosidl_typesupport_cpp: rosidl_typesupport_fastrtps_cpp;rosidl_typesupport_introspection_cpp
[9.378s] -- Found PythonInterp: /usr/bin/python3 (found version "3.8.5") 
[10.262s] -- Found ament_cmake_ros: 0.9.1 (/opt/ros/foxy/share/ament_cmake_ros/cmake)
[11.685s] -- Using all available rosidl_typesupport_c: rosidl_typesupport_fastrtps_c;rosidl_typesupport_introspection_c
[11.840s] -- Using all available rosidl_typesupport_cpp: rosidl_typesupport_fastrtps_cpp;rosidl_typesupport_introspection_cpp
[12.043s] -- Found PythonInterp: /usr/bin/python3 (found suitable version "3.8.5", minimum required is "3.5") 
[12.088s] -- Found python_cmake_module: 0.8.0 (/opt/ros/foxy/share/python_cmake_module/cmake)
[12.301s] -- Found PythonLibs: /usr/lib/aarch64-linux-gnu/libpython3.8.so (found suitable version "3.8.5", minimum required is "3.5") 
[12.303s] -- Using PYTHON_EXECUTABLE: /usr/bin/python3
[12.304s] -- Using PYTHON_INCLUDE_DIRS: /usr/include/python3.8
[12.305s] -- Using PYTHON_LIBRARIES: /usr/lib/aarch64-linux-gnu/libpython3.8.so
[12.469s] -- Found PythonExtra: .so  
[12.834s] -- Added test 'copyright' to check source files copyright and LICENSE
[12.855s] -- Added test 'lint_cmake' to check CMake code style
[12.868s] -- Added test 'xmllint' to check XML markup files
[12.940s] -- Configuring done
[13.251s] -- Generating done
[13.269s] -- Build files have been written to: /home/ubuntu/dev_ws/build/action_tutorials_interfaces
[13.311s] Invoked command in '/home/ubuntu/dev_ws/build/action_tutorials_interfaces' returned '0': CMAKE_PREFIX_PATH=${CMAKE_PREFIX_PATH}:/home/ubuntu/dev_ws/install/py_srvcli:/home/ubuntu/dev_ws/install/py_pubsub:/home/ubuntu/dev_ws/install/turtlesim_simple:/home/ubuntu/dev_ws/install/my_package:/home/ubuntu/ros2_opencv_ws/install/cv_basics:/home/ubuntu/turtlebot3_ws/install/turtlebot3_teleop:/home/ubuntu/turtlebot3_ws/install/turtlebot3_example:/opt/ros/foxy /usr/bin/cmake /home/ubuntu/dev_ws/src/action_tutorials_interfaces -DCMAKE_INSTALL_PREFIX=/home/ubuntu/dev_ws/install/action_tutorials_interfaces
[13.326s] Invoking command in '/home/ubuntu/dev_ws/build/action_tutorials_interfaces': CMAKE_PREFIX_PATH=${CMAKE_PREFIX_PATH}:/home/ubuntu/dev_ws/install/py_srvcli:/home/ubuntu/dev_ws/install/py_pubsub:/home/ubuntu/dev_ws/install/turtlesim_simple:/home/ubuntu/dev_ws/install/my_package:/home/ubuntu/ros2_opencv_ws/install/cv_basics:/home/ubuntu/turtlebot3_ws/install/turtlebot3_teleop:/home/ubuntu/turtlebot3_ws/install/turtlebot3_example:/opt/ros/foxy /usr/bin/cmake --build /home/ubuntu/dev_ws/build/action_tutorials_interfaces -- -j4 -l4
[13.564s] [35m[1mScanning dependencies of target action_tutorials_interfaces__cpp[0m
[13.590s] [  3%] [34m[1mGenerating C code for ROS interfaces[0m
[13.644s] [  6%] [34m[1mGenerating C++ code for ROS interfaces[0m
[15.454s] [35m[1mScanning dependencies of target action_tutorials_interfaces__rosidl_generator_c[0m
[15.501s] [  6%] Built target action_tutorials_interfaces__cpp
[15.535s] [  9%] [32mBuilding C object CMakeFiles/action_tutorials_interfaces__rosidl_generator_c.dir/rosidl_generator_c/action_tutorials_interfaces/action/detail/fibonacci__functions.c.o[0m
[15.570s] [ 12%] [34m[1mGenerating C++ introspection for ROS interfaces[0m
[15.580s] [ 19%] [34m[1mGenerating C++ type support for eProsima Fast-RTPS[0m
[15.582s] [ 19%] [34m[1mGenerating C++ type support dispatch for ROS interfaces[0m
[16.186s] [ 22%] [32m[1mLinking C shared library libaction_tutorials_interfaces__rosidl_generator_c.so[0m
[16.595s] [ 22%] Built target action_tutorials_interfaces__rosidl_generator_c
[16.715s] [ 25%] [34m[1mGenerating C introspection for ROS interfaces[0m
[17.282s] [35m[1mScanning dependencies of target action_tutorials_interfaces__rosidl_typesupport_cpp[0m
[17.498s] [ 29%] [32mBuilding CXX object CMakeFiles/action_tutorials_interfaces__rosidl_typesupport_cpp.dir/rosidl_typesupport_cpp/action_tutorials_interfaces/action/fibonacci__type_support.cpp.o[0m
[17.531s] [35m[1mScanning dependencies of target action_tutorials_interfaces__rosidl_typesupport_introspection_cpp[0m
[17.657s] [ 32%] [32mBuilding CXX object CMakeFiles/action_tutorials_interfaces__rosidl_typesupport_introspection_cpp.dir/rosidl_typesupport_introspection_cpp/action_tutorials_interfaces/action/detail/fibonacci__type_support.cpp.o[0m
[17.877s] [35m[1mScanning dependencies of target action_tutorials_interfaces__rosidl_typesupport_fastrtps_cpp[0m
[18.170s] [ 35%] [32mBuilding CXX object CMakeFiles/action_tutorials_interfaces__rosidl_typesupport_fastrtps_cpp.dir/rosidl_typesupport_fastrtps_cpp/action_tutorials_interfaces/action/detail/dds_fastrtps/fibonacci__type_support.cpp.o[0m
[18.771s] [35m[1mScanning dependencies of target action_tutorials_interfaces__rosidl_typesupport_introspection_c[0m
[18.942s] [ 38%] [32mBuilding C object CMakeFiles/action_tutorials_interfaces__rosidl_typesupport_introspection_c.dir/rosidl_typesupport_introspection_c/action_tutorials_interfaces/action/detail/fibonacci__type_support.c.o[0m
[19.319s] [ 41%] [32m[1mLinking C shared library libaction_tutorials_interfaces__rosidl_typesupport_introspection_c.so[0m
[19.639s] [ 41%] Built target action_tutorials_interfaces__rosidl_typesupport_introspection_c
[19.658s] [ 45%] [32m[1mLinking CXX shared library libaction_tutorials_interfaces__rosidl_typesupport_cpp.so[0m
[19.783s] [ 48%] [34m[1mGenerating C type support dispatch for ROS interfaces[0m
[19.962s] [ 48%] Built target action_tutorials_interfaces__rosidl_typesupport_cpp
[20.029s] [ 51%] [32m[1mLinking CXX shared library libaction_tutorials_interfaces__rosidl_typesupport_introspection_cpp.so[0m
[20.410s] [ 51%] Built target action_tutorials_interfaces__rosidl_typesupport_introspection_cpp
[21.299s] [35m[1mScanning dependencies of target action_tutorials_interfaces__rosidl_typesupport_c[0m
[21.388s] [ 54%] [32mBuilding CXX object CMakeFiles/action_tutorials_interfaces__rosidl_typesupport_c.dir/rosidl_typesupport_c/action_tutorials_interfaces/action/fibonacci__type_support.cpp.o[0m
[21.547s] [ 58%] [32m[1mLinking CXX shared library libaction_tutorials_interfaces__rosidl_typesupport_fastrtps_cpp.so[0m
[21.684s] [ 61%] [32m[1mLinking CXX shared library libaction_tutorials_interfaces__rosidl_typesupport_c.so[0m
[21.921s] [ 61%] Built target action_tutorials_interfaces__rosidl_typesupport_c
[22.024s] [ 61%] Built target action_tutorials_interfaces__rosidl_typesupport_fastrtps_cpp
[22.087s] [ 64%] [34m[1mGenerating C type support for eProsima Fast-RTPS[0m
[23.706s] [35m[1mScanning dependencies of target action_tutorials_interfaces__rosidl_typesupport_fastrtps_c[0m
[23.819s] [ 67%] [32mBuilding CXX object CMakeFiles/action_tutorials_interfaces__rosidl_typesupport_fastrtps_c.dir/rosidl_typesupport_fastrtps_c/action_tutorials_interfaces/action/detail/fibonacci__type_support_c.cpp.o[0m
[25.578s] [ 70%] [32m[1mLinking CXX shared library libaction_tutorials_interfaces__rosidl_typesupport_fastrtps_c.so[0m
[25.987s] [ 70%] Built target action_tutorials_interfaces__rosidl_typesupport_fastrtps_c
[26.045s] [35m[1mScanning dependencies of target action_tutorials_interfaces[0m
[26.107s] [ 70%] Built target action_tutorials_interfaces
[26.168s] [35m[1mScanning dependencies of target action_tutorials_interfaces__py[0m
[26.231s] [ 74%] [34m[1mGenerating Python code for ROS interfaces[0m
[30.002s] [ 74%] Built target action_tutorials_interfaces__py
[30.061s] [35m[1mScanning dependencies of target action_tutorials_interfaces__python[0m
[30.233s] [ 77%] [32mBuilding C object CMakeFiles/action_tutorials_interfaces__python.dir/rosidl_generator_py/action_tutorials_interfaces/action/_fibonacci_s.c.o[0m
[30.924s] [ 80%] [32m[1mLinking C shared library rosidl_generator_py/action_tutorials_interfaces/libaction_tutorials_interfaces__python.so[0m
[31.182s] [ 80%] Built target action_tutorials_interfaces__python
[31.247s] [35m[1mScanning dependencies of target action_tutorials_interfaces__rosidl_typesupport_fastrtps_c__pyext[0m
[31.262s] [35m[1mScanning dependencies of target action_tutorials_interfaces__rosidl_typesupport_c__pyext[0m
[31.272s] [35m[1mScanning dependencies of target action_tutorials_interfaces__rosidl_typesupport_introspection_c__pyext[0m
[31.439s] [ 83%] [32mBuilding C object CMakeFiles/action_tutorials_interfaces__rosidl_typesupport_fastrtps_c__pyext.dir/rosidl_generator_py/action_tutorials_interfaces/_action_tutorials_interfaces_s.ep.rosidl_typesupport_fastrtps_c.c.o[0m
[31.448s] [ 87%] [32mBuilding C object CMakeFiles/action_tutorials_interfaces__rosidl_typesupport_c__pyext.dir/rosidl_generator_py/action_tutorials_interfaces/_action_tutorials_interfaces_s.ep.rosidl_typesupport_c.c.o[0m
[31.450s] [ 90%] [32mBuilding C object CMakeFiles/action_tutorials_interfaces__rosidl_typesupport_introspection_c__pyext.dir/rosidl_generator_py/action_tutorials_interfaces/_action_tutorials_interfaces_s.ep.rosidl_typesupport_introspection_c.c.o[0m
[31.997s] [ 93%] [32m[1mLinking C shared library rosidl_generator_py/action_tutorials_interfaces/action_tutorials_interfaces_s__rosidl_typesupport_c.cpython-38-aarch64-linux-gnu.so[0m
[32.021s] [ 96%] [32m[1mLinking C shared library rosidl_generator_py/action_tutorials_interfaces/action_tutorials_interfaces_s__rosidl_typesupport_introspection_c.cpython-38-aarch64-linux-gnu.so[0m
[32.035s] [100%] [32m[1mLinking CXX shared library rosidl_generator_py/action_tutorials_interfaces/action_tutorials_interfaces_s__rosidl_typesupport_fastrtps_c.cpython-38-aarch64-linux-gnu.so[0m
[32.338s] [100%] Built target action_tutorials_interfaces__rosidl_typesupport_c__pyext
[32.357s] [100%] Built target action_tutorials_interfaces__rosidl_typesupport_introspection_c__pyext
[32.508s] [100%] Built target action_tutorials_interfaces__rosidl_typesupport_fastrtps_c__pyext
[32.567s] Invoked command in '/home/ubuntu/dev_ws/build/action_tutorials_interfaces' returned '0': CMAKE_PREFIX_PATH=${CMAKE_PREFIX_PATH}:/home/ubuntu/dev_ws/install/py_srvcli:/home/ubuntu/dev_ws/install/py_pubsub:/home/ubuntu/dev_ws/install/turtlesim_simple:/home/ubuntu/dev_ws/install/my_package:/home/ubuntu/ros2_opencv_ws/install/cv_basics:/home/ubuntu/turtlebot3_ws/install/turtlebot3_teleop:/home/ubuntu/turtlebot3_ws/install/turtlebot3_example:/opt/ros/foxy /usr/bin/cmake --build /home/ubuntu/dev_ws/build/action_tutorials_interfaces -- -j4 -l4
[33.115s] Invoking command in '/home/ubuntu/dev_ws/build/action_tutorials_interfaces': CMAKE_PREFIX_PATH=${CMAKE_PREFIX_PATH}:/home/ubuntu/dev_ws/install/py_srvcli:/home/ubuntu/dev_ws/install/py_pubsub:/home/ubuntu/dev_ws/install/turtlesim_simple:/home/ubuntu/dev_ws/install/my_package:/home/ubuntu/ros2_opencv_ws/install/cv_basics:/home/ubuntu/turtlebot3_ws/install/turtlebot3_teleop:/home/ubuntu/turtlebot3_ws/install/turtlebot3_example:/opt/ros/foxy /usr/bin/cmake --install /home/ubuntu/dev_ws/build/action_tutorials_interfaces
[33.163s] -- Install configuration: ""
[33.164s] -- Installing: /home/ubuntu/dev_ws/install/action_tutorials_interfaces/share/ament_index/resource_index/rosidl_interfaces/action_tutorials_interfaces
[33.166s] -- Installing: /home/ubuntu/dev_ws/install/action_tutorials_interfaces/include/action_tutorials_interfaces
[33.167s] -- Installing: /home/ubuntu/dev_ws/install/action_tutorials_interfaces/include/action_tutorials_interfaces/msg
[33.168s] -- Installing: /home/ubuntu/dev_ws/install/action_tutorials_interfaces/include/action_tutorials_interfaces/msg/rosidl_generator_c__visibility_control.h
[33.169s] -- Installing: /home/ubuntu/dev_ws/install/action_tutorials_interfaces/include/action_tutorials_interfaces/action
[33.170s] -- Installing: /home/ubuntu/dev_ws/install/action_tutorials_interfaces/include/action_tutorials_interfaces/action/detail
[33.170s] -- Installing: /home/ubuntu/dev_ws/install/action_tutorials_interfaces/include/action_tutorials_interfaces/action/detail/fibonacci__type_support.h
[33.171s] -- Installing: /home/ubuntu/dev_ws/install/action_tutorials_interfaces/include/action_tutorials_interfaces/action/detail/fibonacci__functions.c
[33.173s] -- Installing: /home/ubuntu/dev_ws/install/action_tutorials_interfaces/include/action_tutorials_interfaces/action/detail/fibonacci__functions.h
[33.174s] -- Installing: /home/ubuntu/dev_ws/install/action_tutorials_interfaces/include/action_tutorials_interfaces/action/detail/fibonacci__struct.h
[33.176s] -- Installing: /home/ubuntu/dev_ws/install/action_tutorials_interfaces/include/action_tutorials_interfaces/action/fibonacci.h
[33.178s] -- Installing: /home/ubuntu/dev_ws/install/action_tutorials_interfaces/share/action_tutorials_interfaces/environment/library_path.sh
[33.179s] -- Installing: /home/ubuntu/dev_ws/install/action_tutorials_interfaces/share/action_tutorials_interfaces/environment/library_path.dsv
[33.181s] -- Installing: /home/ubuntu/dev_ws/install/action_tutorials_interfaces/lib/libaction_tutorials_interfaces__rosidl_generator_c.so
[33.184s] -- Set runtime path of "/home/ubuntu/dev_ws/install/action_tutorials_interfaces/lib/libaction_tutorials_interfaces__rosidl_generator_c.so" to ""
[33.185s] -- Up-to-date: /home/ubuntu/dev_ws/install/action_tutorials_interfaces/include/action_tutorials_interfaces
[33.186s] -- Up-to-date: /home/ubuntu/dev_ws/install/action_tutorials_interfaces/include/action_tutorials_interfaces/msg
[33.186s] -- Installing: /home/ubuntu/dev_ws/install/action_tutorials_interfaces/include/action_tutorials_interfaces/msg/rosidl_typesupport_fastrtps_c__visibility_control.h
[33.187s] -- Up-to-date: /home/ubuntu/dev_ws/install/action_tutorials_interfaces/include/action_tutorials_interfaces/action
[33.187s] -- Up-to-date: /home/ubuntu/dev_ws/install/action_tutorials_interfaces/include/action_tutorials_interfaces/action/detail
[33.188s] -- Installing: /home/ubuntu/dev_ws/install/action_tutorials_interfaces/include/action_tutorials_interfaces/action/detail/fibonacci__rosidl_typesupport_fastrtps_c.h
[33.189s] -- Installing: /home/ubuntu/dev_ws/install/action_tutorials_interfaces/lib/libaction_tutorials_interfaces__rosidl_typesupport_fastrtps_c.so
[33.193s] -- Set runtime path of "/home/ubuntu/dev_ws/install/action_tutorials_interfaces/lib/libaction_tutorials_interfaces__rosidl_typesupport_fastrtps_c.so" to ""
[33.194s] -- Up-to-date: /home/ubuntu/dev_ws/install/action_tutorials_interfaces/include/action_tutorials_interfaces
[33.194s] -- Up-to-date: /home/ubuntu/dev_ws/install/action_tutorials_interfaces/include/action_tutorials_interfaces/msg
[33.195s] -- Installing: /home/ubuntu/dev_ws/install/action_tutorials_interfaces/include/action_tutorials_interfaces/msg/rosidl_typesupport_fastrtps_cpp__visibility_control.h
[33.195s] -- Up-to-date: /home/ubuntu/dev_ws/install/action_tutorials_interfaces/include/action_tutorials_interfaces/action
[33.196s] -- Up-to-date: /home/ubuntu/dev_ws/install/action_tutorials_interfaces/include/action_tutorials_interfaces/action/detail
[33.197s] -- Installing: /home/ubuntu/dev_ws/install/action_tutorials_interfaces/include/action_tutorials_interfaces/action/detail/fibonacci__rosidl_typesupport_fastrtps_cpp.hpp
[33.198s] -- Installing: /home/ubuntu/dev_ws/install/action_tutorials_interfaces/include/action_tutorials_interfaces/action/detail/dds_fastrtps
[33.199s] -- Installing: /home/ubuntu/dev_ws/install/action_tutorials_interfaces/lib/libaction_tutorials_interfaces__rosidl_typesupport_fastrtps_cpp.so
[33.202s] -- Set runtime path of "/home/ubuntu/dev_ws/install/action_tutorials_interfaces/lib/libaction_tutorials_interfaces__rosidl_typesupport_fastrtps_cpp.so" to ""
[33.204s] -- Up-to-date: /home/ubuntu/dev_ws/install/action_tutorials_interfaces/include/action_tutorials_interfaces
[33.204s] -- Up-to-date: /home/ubuntu/dev_ws/install/action_tutorials_interfaces/include/action_tutorials_interfaces/msg
[33.205s] -- Installing: /home/ubuntu/dev_ws/install/action_tutorials_interfaces/include/action_tutorials_interfaces/msg/rosidl_typesupport_introspection_c__visibility_control.h
[33.206s] -- Up-to-date: /home/ubuntu/dev_ws/install/action_tutorials_interfaces/include/action_tutorials_interfaces/action
[33.207s] -- Up-to-date: /home/ubuntu/dev_ws/install/action_tutorials_interfaces/include/action_tutorials_interfaces/action/detail
[33.207s] -- Installing: /home/ubuntu/dev_ws/install/action_tutorials_interfaces/include/action_tutorials_interfaces/action/detail/fibonacci__type_support.c
[33.208s] -- Installing: /home/ubuntu/dev_ws/install/action_tutorials_interfaces/include/action_tutorials_interfaces/action/detail/fibonacci__rosidl_typesupport_introspection_c.h
[33.210s] -- Installing: /home/ubuntu/dev_ws/install/action_tutorials_interfaces/lib/libaction_tutorials_interfaces__rosidl_typesupport_introspection_c.so
[33.213s] -- Set runtime path of "/home/ubuntu/dev_ws/install/action_tutorials_interfaces/lib/libaction_tutorials_interfaces__rosidl_typesupport_introspection_c.so" to ""
[33.214s] -- Installing: /home/ubuntu/dev_ws/install/action_tutorials_interfaces/lib/libaction_tutorials_interfaces__rosidl_typesupport_c.so
[33.216s] -- Set runtime path of "/home/ubuntu/dev_ws/install/action_tutorials_interfaces/lib/libaction_tutorials_interfaces__rosidl_typesupport_c.so" to ""
[33.217s] -- Up-to-date: /home/ubuntu/dev_ws/install/action_tutorials_interfaces/include/action_tutorials_interfaces
[33.218s] -- Up-to-date: /home/ubuntu/dev_ws/install/action_tutorials_interfaces/include/action_tutorials_interfaces/action
[33.219s] -- Up-to-date: /home/ubuntu/dev_ws/install/action_tutorials_interfaces/include/action_tutorials_interfaces/action/detail
[33.220s] -- Installing: /home/ubuntu/dev_ws/install/action_tutorials_interfaces/include/action_tutorials_interfaces/action/detail/fibonacci__builder.hpp
[33.221s] -- Installing: /home/ubuntu/dev_ws/install/action_tutorials_interfaces/include/action_tutorials_interfaces/action/detail/fibonacci__traits.hpp
[33.221s] -- Installing: /home/ubuntu/dev_ws/install/action_tutorials_interfaces/include/action_tutorials_interfaces/action/detail/fibonacci__struct.hpp
[33.222s] -- Installing: /home/ubuntu/dev_ws/install/action_tutorials_interfaces/include/action_tutorials_interfaces/action/fibonacci.hpp
[33.224s] -- Up-to-date: /home/ubuntu/dev_ws/install/action_tutorials_interfaces/include/action_tutorials_interfaces
[33.225s] -- Up-to-date: /home/ubuntu/dev_ws/install/action_tutorials_interfaces/include/action_tutorials_interfaces/action
[33.225s] -- Up-to-date: /home/ubuntu/dev_ws/install/action_tutorials_interfaces/include/action_tutorials_interfaces/action/detail
[33.226s] -- Installing: /home/ubuntu/dev_ws/install/action_tutorials_interfaces/include/action_tutorials_interfaces/action/detail/fibonacci__rosidl_typesupport_introspection_cpp.hpp
[33.227s] -- Installing: /home/ubuntu/dev_ws/install/action_tutorials_interfaces/include/action_tutorials_interfaces/action/detail/fibonacci__type_support.cpp
[33.229s] -- Installing: /home/ubuntu/dev_ws/install/action_tutorials_interfaces/lib/libaction_tutorials_interfaces__rosidl_typesupport_introspection_cpp.so
[33.232s] -- Set runtime path of "/home/ubuntu/dev_ws/install/action_tutorials_interfaces/lib/libaction_tutorials_interfaces__rosidl_typesupport_introspection_cpp.so" to ""
[33.233s] -- Installing: /home/ubuntu/dev_ws/install/action_tutorials_interfaces/lib/libaction_tutorials_interfaces__rosidl_typesupport_cpp.so
[33.236s] -- Set runtime path of "/home/ubuntu/dev_ws/install/action_tutorials_interfaces/lib/libaction_tutorials_interfaces__rosidl_typesupport_cpp.so" to ""
[33.237s] -- Installing: /home/ubuntu/dev_ws/install/action_tutorials_interfaces/share/action_tutorials_interfaces/environment/pythonpath.sh
[33.238s] -- Installing: /home/ubuntu/dev_ws/install/action_tutorials_interfaces/share/action_tutorials_interfaces/environment/pythonpath.dsv
[33.240s] -- Installing: /home/ubuntu/dev_ws/install/action_tutorials_interfaces/lib/python3.8/site-packages/action_tutorials_interfaces/__init__.py
[33.442s] Compiling '/home/ubuntu/dev_ws/install/action_tutorials_interfaces/lib/python3.8/site-packages/action_tutorials_interfaces/__init__.py'...
[33.467s] -- Installing: /home/ubuntu/dev_ws/install/action_tutorials_interfaces/lib/python3.8/site-packages/action_tutorials_interfaces/action
[33.468s] -- Installing: /home/ubuntu/dev_ws/install/action_tutorials_interfaces/lib/python3.8/site-packages/action_tutorials_interfaces/action/__init__.py
[33.469s] -- Installing: /home/ubuntu/dev_ws/install/action_tutorials_interfaces/lib/python3.8/site-packages/action_tutorials_interfaces/action/_fibonacci.py
[33.471s] -- Installing: /home/ubuntu/dev_ws/install/action_tutorials_interfaces/lib/python3.8/site-packages/action_tutorials_interfaces/action/_fibonacci_s.c
[33.473s] -- Installing: /home/ubuntu/dev_ws/install/action_tutorials_interfaces/lib/python3.8/site-packages/action_tutorials_interfaces/action_tutorials_interfaces_s__rosidl_typesupport_fastrtps_c.cpython-38-aarch64-linux-gnu.so
[33.478s] -- Set runtime path of "/home/ubuntu/dev_ws/install/action_tutorials_interfaces/lib/python3.8/site-packages/action_tutorials_interfaces/action_tutorials_interfaces_s__rosidl_typesupport_fastrtps_c.cpython-38-aarch64-linux-gnu.so" to ""
[33.479s] -- Installing: /home/ubuntu/dev_ws/install/action_tutorials_interfaces/lib/python3.8/site-packages/action_tutorials_interfaces/action_tutorials_interfaces_s__rosidl_typesupport_introspection_c.cpython-38-aarch64-linux-gnu.so
[33.483s] -- Set runtime path of "/home/ubuntu/dev_ws/install/action_tutorials_interfaces/lib/python3.8/site-packages/action_tutorials_interfaces/action_tutorials_interfaces_s__rosidl_typesupport_introspection_c.cpython-38-aarch64-linux-gnu.so" to ""
[33.484s] -- Installing: /home/ubuntu/dev_ws/install/action_tutorials_interfaces/lib/python3.8/site-packages/action_tutorials_interfaces/action_tutorials_interfaces_s__rosidl_typesupport_c.cpython-38-aarch64-linux-gnu.so
[33.488s] -- Set runtime path of "/home/ubuntu/dev_ws/install/action_tutorials_interfaces/lib/python3.8/site-packages/action_tutorials_interfaces/action_tutorials_interfaces_s__rosidl_typesupport_c.cpython-38-aarch64-linux-gnu.so" to ""
[33.489s] -- Installing: /home/ubuntu/dev_ws/install/action_tutorials_interfaces/lib/libaction_tutorials_interfaces__python.so
[33.492s] -- Set runtime path of "/home/ubuntu/dev_ws/install/action_tutorials_interfaces/lib/libaction_tutorials_interfaces__python.so" to ""
[33.493s] -- Installing: /home/ubuntu/dev_ws/install/action_tutorials_interfaces/share/action_tutorials_interfaces/action/Fibonacci.idl
[33.495s] -- Installing: /home/ubuntu/dev_ws/install/action_tutorials_interfaces/share/action_tutorials_interfaces/action/Fibonacci.action
[33.496s] -- Installing: /home/ubuntu/dev_ws/install/action_tutorials_interfaces/share/ament_index/resource_index/package_run_dependencies/action_tutorials_interfaces
[33.498s] -- Installing: /home/ubuntu/dev_ws/install/action_tutorials_interfaces/share/ament_index/resource_index/parent_prefix_path/action_tutorials_interfaces
[33.500s] -- Installing: /home/ubuntu/dev_ws/install/action_tutorials_interfaces/share/action_tutorials_interfaces/environment/ament_prefix_path.sh
[33.501s] -- Installing: /home/ubuntu/dev_ws/install/action_tutorials_interfaces/share/action_tutorials_interfaces/environment/ament_prefix_path.dsv
[33.503s] -- Installing: /home/ubuntu/dev_ws/install/action_tutorials_interfaces/share/action_tutorials_interfaces/environment/path.sh
[33.504s] -- Installing: /home/ubuntu/dev_ws/install/action_tutorials_interfaces/share/action_tutorials_interfaces/environment/path.dsv
[33.505s] -- Installing: /home/ubuntu/dev_ws/install/action_tutorials_interfaces/share/action_tutorials_interfaces/local_setup.bash
[33.507s] -- Installing: /home/ubuntu/dev_ws/install/action_tutorials_interfaces/share/action_tutorials_interfaces/local_setup.sh
[33.508s] -- Installing: /home/ubuntu/dev_ws/install/action_tutorials_interfaces/share/action_tutorials_interfaces/local_setup.zsh
[33.510s] -- Installing: /home/ubuntu/dev_ws/install/action_tutorials_interfaces/share/action_tutorials_interfaces/local_setup.dsv
[33.511s] -- Installing: /home/ubuntu/dev_ws/install/action_tutorials_interfaces/share/action_tutorials_interfaces/package.dsv
[33.513s] -- Installing: /home/ubuntu/dev_ws/install/action_tutorials_interfaces/share/ament_index/resource_index/packages/action_tutorials_interfaces
[33.515s] -- Installing: /home/ubuntu/dev_ws/install/action_tutorials_interfaces/share/action_tutorials_interfaces/cmake/action_tutorials_interfaces__rosidl_generator_cExport.cmake
[33.517s] -- Installing: /home/ubuntu/dev_ws/install/action_tutorials_interfaces/share/action_tutorials_interfaces/cmake/action_tutorials_interfaces__rosidl_generator_cExport-noconfig.cmake
[33.519s] -- Installing: /home/ubuntu/dev_ws/install/action_tutorials_interfaces/share/action_tutorials_interfaces/cmake/action_tutorials_interfaces__rosidl_typesupport_introspection_cExport.cmake
[33.520s] -- Installing: /home/ubuntu/dev_ws/install/action_tutorials_interfaces/share/action_tutorials_interfaces/cmake/action_tutorials_interfaces__rosidl_typesupport_introspection_cExport-noconfig.cmake
[33.522s] -- Installing: /home/ubuntu/dev_ws/install/action_tutorials_interfaces/share/action_tutorials_interfaces/cmake/action_tutorials_interfaces__rosidl_typesupport_cExport.cmake
[33.525s] -- Installing: /home/ubuntu/dev_ws/install/action_tutorials_interfaces/share/action_tutorials_interfaces/cmake/action_tutorials_interfaces__rosidl_typesupport_cExport-noconfig.cmake
[33.526s] -- Installing: /home/ubuntu/dev_ws/install/action_tutorials_interfaces/share/action_tutorials_interfaces/cmake/action_tutorials_interfaces__rosidl_generator_cppExport.cmake
[33.528s] -- Installing: /home/ubuntu/dev_ws/install/action_tutorials_interfaces/share/action_tutorials_interfaces/cmake/action_tutorials_interfaces__rosidl_typesupport_introspection_cppExport.cmake
[33.530s] -- Installing: /home/ubuntu/dev_ws/install/action_tutorials_interfaces/share/action_tutorials_interfaces/cmake/action_tutorials_interfaces__rosidl_typesupport_introspection_cppExport-noconfig.cmake
[33.532s] -- Installing: /home/ubuntu/dev_ws/install/action_tutorials_interfaces/share/action_tutorials_interfaces/cmake/action_tutorials_interfaces__rosidl_typesupport_cppExport.cmake
[33.534s] -- Installing: /home/ubuntu/dev_ws/install/action_tutorials_interfaces/share/action_tutorials_interfaces/cmake/action_tutorials_interfaces__rosidl_typesupport_cppExport-noconfig.cmake
[33.535s] -- Installing: /home/ubuntu/dev_ws/install/action_tutorials_interfaces/share/action_tutorials_interfaces/cmake/rosidl_cmake-extras.cmake
[33.537s] -- Installing: /home/ubuntu/dev_ws/install/action_tutorials_interfaces/share/action_tutorials_interfaces/cmake/ament_cmake_export_dependencies-extras.cmake
[33.538s] -- Installing: /home/ubuntu/dev_ws/install/action_tutorials_interfaces/share/action_tutorials_interfaces/cmake/ament_cmake_export_libraries-extras.cmake
[33.540s] -- Installing: /home/ubuntu/dev_ws/install/action_tutorials_interfaces/share/action_tutorials_interfaces/cmake/ament_cmake_export_targets-extras.cmake
[33.542s] -- Installing: /home/ubuntu/dev_ws/install/action_tutorials_interfaces/share/action_tutorials_interfaces/cmake/ament_cmake_export_include_directories-extras.cmake
[33.543s] -- Installing: /home/ubuntu/dev_ws/install/action_tutorials_interfaces/share/action_tutorials_interfaces/cmake/rosidl_cmake_export_typesupport_libraries-extras.cmake
[33.545s] -- Installing: /home/ubuntu/dev_ws/install/action_tutorials_interfaces/share/action_tutorials_interfaces/cmake/rosidl_cmake_export_typesupport_targets-extras.cmake
[33.546s] -- Installing: /home/ubuntu/dev_ws/install/action_tutorials_interfaces/share/action_tutorials_interfaces/cmake/action_tutorials_interfacesConfig.cmake
[33.547s] -- Installing: /home/ubuntu/dev_ws/install/action_tutorials_interfaces/share/action_tutorials_interfaces/cmake/action_tutorials_interfacesConfig-version.cmake
[33.549s] -- Installing: /home/ubuntu/dev_ws/install/action_tutorials_interfaces/share/action_tutorials_interfaces/package.xml
[33.564s] Invoked command in '/home/ubuntu/dev_ws/build/action_tutorials_interfaces' returned '0': CMAKE_PREFIX_PATH=${CMAKE_PREFIX_PATH}:/home/ubuntu/dev_ws/install/py_srvcli:/home/ubuntu/dev_ws/install/py_pubsub:/home/ubuntu/dev_ws/install/turtlesim_simple:/home/ubuntu/dev_ws/install/my_package:/home/ubuntu/ros2_opencv_ws/install/cv_basics:/home/ubuntu/turtlebot3_ws/install/turtlebot3_teleop:/home/ubuntu/turtlebot3_ws/install/turtlebot3_example:/opt/ros/foxy /usr/bin/cmake --install /home/ubuntu/dev_ws/build/action_tutorials_interfaces
