running egg_info
writing ../../build/turtlesim_simple/turtlesim_simple.egg-info/PKG-INFO
writing dependency_links to ../../build/turtlesim_simple/turtlesim_simple.egg-info/dependency_links.txt
writing entry points to ../../build/turtlesim_simple/turtlesim_simple.egg-info/entry_points.txt
writing requirements to ../../build/turtlesim_simple/turtlesim_simple.egg-info/requires.txt
writing top-level names to ../../build/turtlesim_simple/turtlesim_simple.egg-info/top_level.txt
reading manifest file '../../build/turtlesim_simple/turtlesim_simple.egg-info/SOURCES.txt'
writing manifest file '../../build/turtlesim_simple/turtlesim_simple.egg-info/SOURCES.txt'
running build
running build_py
copying turtlesim_simple/publisher_key.py -> /home/ubuntu/dev_ws/build/turtlesim_simple/build/lib/turtlesim_simple
running install
running install_lib
copying /home/ubuntu/dev_ws/build/turtlesim_simple/build/lib/turtlesim_simple/publisher_key.py -> /home/ubuntu/dev_ws/install/turtlesim_simple/lib/python3.8/site-packages/turtlesim_simple
byte-compiling /home/ubuntu/dev_ws/install/turtlesim_simple/lib/python3.8/site-packages/turtlesim_simple/publisher_key.py to publisher_key.cpython-38.pyc
Sorry: TabError: inconsistent use of tabs and spaces in indentation (publisher_key.py, line 33)
running install_data
running install_egg_info
removing '/home/ubuntu/dev_ws/install/turtlesim_simple/lib/python3.8/site-packages/turtlesim_simple-0.0.0-py3.8.egg-info' (and everything under it)
Copying ../../build/turtlesim_simple/turtlesim_simple.egg-info to /home/ubuntu/dev_ws/install/turtlesim_simple/lib/python3.8/site-packages/turtlesim_simple-0.0.0-py3.8.egg-info
running install_scripts
Installing key_talker script to /home/ubuntu/dev_ws/install/turtlesim_simple/lib/turtlesim_simple
Installing talker script to /home/ubuntu/dev_ws/install/turtlesim_simple/lib/turtlesim_simple
writing list of installed files to '/home/ubuntu/dev_ws/build/turtlesim_simple/install.log'
