[1.210s] Invoking command in '/home/ubuntu/dev_ws/build/turtlesim': CMAKE_PREFIX_PATH=${CMAKE_PREFIX_PATH}:/home/ubuntu/ros2_opencv_ws/install/cv_basics:/home/ubuntu/turtlebot3_ws/install/turtlebot3_teleop:/home/ubuntu/turtlebot3_ws/install/turtlebot3_example:/opt/ros/foxy /usr/bin/cmake --build /home/ubuntu/dev_ws/build/turtlesim -- -j4 -l4
[1.534s] [  1%] Built target turtlesim__cpp
[1.552s] [ 11%] Built target turtlesim__rosidl_generator_c
[1.734s] [ 21%] Built target turtlesim__rosidl_typesupport_cpp
[1.767s] [ 31%] Built target turtlesim__rosidl_typesupport_introspection_cpp
[1.794s] [ 41%] Built target turtlesim__rosidl_typesupport_c
[1.821s] [ 51%] Built target turtlesim__rosidl_typesupport_fastrtps_cpp
[1.911s] [ 61%] Built target turtlesim__rosidl_typesupport_introspection_c
[2.023s] [ 71%] Built target turtlesim__rosidl_typesupport_fastrtps_c
[2.136s] [ 71%] Built target turtlesim
[2.366s] [ 72%] Built target turtlesim__py
[2.426s] [ 74%] Built target mimic
[2.437s] [ 76%] Built target draw_square
[2.499s] [ 78%] Built target turtle_teleop_key
[2.642s] [ 87%] Built target turtlesim__python
[2.669s] [ 93%] Built target turtlesim_node
[2.847s] [ 95%] Built target turtlesim__rosidl_typesupport_introspection_c__pyext
[2.854s] [ 97%] Built target turtlesim__rosidl_typesupport_c__pyext
[2.856s] [100%] Built target turtlesim__rosidl_typesupport_fastrtps_c__pyext
[2.924s] Invoked command in '/home/ubuntu/dev_ws/build/turtlesim' returned '0': CMAKE_PREFIX_PATH=${CMAKE_PREFIX_PATH}:/home/ubuntu/ros2_opencv_ws/install/cv_basics:/home/ubuntu/turtlebot3_ws/install/turtlebot3_teleop:/home/ubuntu/turtlebot3_ws/install/turtlebot3_example:/opt/ros/foxy /usr/bin/cmake --build /home/ubuntu/dev_ws/build/turtlesim -- -j4 -l4
[4.744s] Invoking command in '/home/ubuntu/dev_ws/build/turtlesim': CMAKE_PREFIX_PATH=${CMAKE_PREFIX_PATH}:/home/ubuntu/ros2_opencv_ws/install/cv_basics:/home/ubuntu/turtlebot3_ws/install/turtlebot3_teleop:/home/ubuntu/turtlebot3_ws/install/turtlebot3_example:/opt/ros/foxy /usr/bin/cmake --install /home/ubuntu/dev_ws/build/turtlesim
[4.785s] -- Install configuration: ""
[4.786s] -- Up-to-date: /home/ubuntu/dev_ws/install/turtlesim/share/ament_index/resource_index/rosidl_interfaces/turtlesim
[4.787s] -- Up-to-date: /home/ubuntu/dev_ws/install/turtlesim/include/turtlesim
[4.788s] -- Up-to-date: /home/ubuntu/dev_ws/install/turtlesim/include/turtlesim/msg
[4.788s] -- Up-to-date: /home/ubuntu/dev_ws/install/turtlesim/include/turtlesim/msg/detail
[4.789s] -- Up-to-date: /home/ubuntu/dev_ws/install/turtlesim/include/turtlesim/msg/detail/color__type_support.h
[4.789s] -- Up-to-date: /home/ubuntu/dev_ws/install/turtlesim/include/turtlesim/msg/detail/color__functions.c
[4.790s] -- Up-to-date: /home/ubuntu/dev_ws/install/turtlesim/include/turtlesim/msg/detail/color__struct.h
[4.790s] -- Up-to-date: /home/ubuntu/dev_ws/install/turtlesim/include/turtlesim/msg/detail/pose__struct.h
[4.791s] -- Up-to-date: /home/ubuntu/dev_ws/install/turtlesim/include/turtlesim/msg/detail/pose__type_support.h
[4.791s] -- Up-to-date: /home/ubuntu/dev_ws/install/turtlesim/include/turtlesim/msg/detail/color__functions.h
[4.792s] -- Up-to-date: /home/ubuntu/dev_ws/install/turtlesim/include/turtlesim/msg/detail/pose__functions.c
[4.792s] -- Up-to-date: /home/ubuntu/dev_ws/install/turtlesim/include/turtlesim/msg/detail/pose__functions.h
[4.793s] -- Up-to-date: /home/ubuntu/dev_ws/install/turtlesim/include/turtlesim/msg/rosidl_generator_c__visibility_control.h
[4.794s] -- Up-to-date: /home/ubuntu/dev_ws/install/turtlesim/include/turtlesim/msg/pose.h
[4.794s] -- Up-to-date: /home/ubuntu/dev_ws/install/turtlesim/include/turtlesim/msg/color.h
[4.795s] -- Up-to-date: /home/ubuntu/dev_ws/install/turtlesim/include/turtlesim/srv
[4.795s] -- Up-to-date: /home/ubuntu/dev_ws/install/turtlesim/include/turtlesim/srv/teleport_relative.h
[4.796s] -- Up-to-date: /home/ubuntu/dev_ws/install/turtlesim/include/turtlesim/srv/spawn.h
[4.796s] -- Up-to-date: /home/ubuntu/dev_ws/install/turtlesim/include/turtlesim/srv/detail
[4.796s] -- Up-to-date: /home/ubuntu/dev_ws/install/turtlesim/include/turtlesim/srv/detail/spawn__functions.c
[4.797s] -- Up-to-date: /home/ubuntu/dev_ws/install/turtlesim/include/turtlesim/srv/detail/teleport_absolute__struct.h
[4.798s] -- Up-to-date: /home/ubuntu/dev_ws/install/turtlesim/include/turtlesim/srv/detail/set_pen__functions.h
[4.798s] -- Up-to-date: /home/ubuntu/dev_ws/install/turtlesim/include/turtlesim/srv/detail/kill__type_support.h
[4.799s] -- Up-to-date: /home/ubuntu/dev_ws/install/turtlesim/include/turtlesim/srv/detail/spawn__type_support.h
[4.799s] -- Up-to-date: /home/ubuntu/dev_ws/install/turtlesim/include/turtlesim/srv/detail/kill__struct.h
[4.800s] -- Up-to-date: /home/ubuntu/dev_ws/install/turtlesim/include/turtlesim/srv/detail/spawn__struct.h
[4.800s] -- Up-to-date: /home/ubuntu/dev_ws/install/turtlesim/include/turtlesim/srv/detail/kill__functions.c
[4.801s] -- Up-to-date: /home/ubuntu/dev_ws/install/turtlesim/include/turtlesim/srv/detail/teleport_relative__type_support.h
[4.801s] -- Up-to-date: /home/ubuntu/dev_ws/install/turtlesim/include/turtlesim/srv/detail/spawn__functions.h
[4.801s] -- Up-to-date: /home/ubuntu/dev_ws/install/turtlesim/include/turtlesim/srv/detail/teleport_relative__functions.h
[4.802s] -- Up-to-date: /home/ubuntu/dev_ws/install/turtlesim/include/turtlesim/srv/detail/set_pen__functions.c
[4.802s] -- Up-to-date: /home/ubuntu/dev_ws/install/turtlesim/include/turtlesim/srv/detail/set_pen__struct.h
[4.802s] -- Up-to-date: /home/ubuntu/dev_ws/install/turtlesim/include/turtlesim/srv/detail/kill__functions.h
[4.803s] -- Up-to-date: /home/ubuntu/dev_ws/install/turtlesim/include/turtlesim/srv/detail/teleport_relative__struct.h
[4.804s] -- Up-to-date: /home/ubuntu/dev_ws/install/turtlesim/include/turtlesim/srv/detail/teleport_relative__functions.c
[4.805s] -- Up-to-date: /home/ubuntu/dev_ws/install/turtlesim/include/turtlesim/srv/detail/teleport_absolute__functions.h
[4.806s] -- Up-to-date: /home/ubuntu/dev_ws/install/turtlesim/include/turtlesim/srv/detail/teleport_absolute__type_support.h
[4.808s] -- Up-to-date: /home/ubuntu/dev_ws/install/turtlesim/include/turtlesim/srv/detail/set_pen__type_support.h
[4.808s] -- Up-to-date: /home/ubuntu/dev_ws/install/turtlesim/include/turtlesim/srv/detail/teleport_absolute__functions.c
[4.809s] -- Up-to-date: /home/ubuntu/dev_ws/install/turtlesim/include/turtlesim/srv/set_pen.h
[4.810s] -- Up-to-date: /home/ubuntu/dev_ws/install/turtlesim/include/turtlesim/srv/kill.h
[4.810s] -- Up-to-date: /home/ubuntu/dev_ws/install/turtlesim/include/turtlesim/srv/teleport_absolute.h
[4.810s] -- Up-to-date: /home/ubuntu/dev_ws/install/turtlesim/include/turtlesim/action
[4.811s] -- Up-to-date: /home/ubuntu/dev_ws/install/turtlesim/include/turtlesim/action/detail
[4.811s] -- Up-to-date: /home/ubuntu/dev_ws/install/turtlesim/include/turtlesim/action/detail/rotate_absolute__struct.h
[4.812s] -- Up-to-date: /home/ubuntu/dev_ws/install/turtlesim/include/turtlesim/action/detail/rotate_absolute__type_support.h
[4.812s] -- Up-to-date: /home/ubuntu/dev_ws/install/turtlesim/include/turtlesim/action/detail/rotate_absolute__functions.h
[4.813s] -- Up-to-date: /home/ubuntu/dev_ws/install/turtlesim/include/turtlesim/action/detail/rotate_absolute__functions.c
[4.813s] -- Up-to-date: /home/ubuntu/dev_ws/install/turtlesim/include/turtlesim/action/rotate_absolute.h
[4.814s] -- Up-to-date: /home/ubuntu/dev_ws/install/turtlesim/share/turtlesim/environment/library_path.sh
[4.814s] -- Up-to-date: /home/ubuntu/dev_ws/install/turtlesim/share/turtlesim/environment/library_path.dsv
[4.815s] -- Up-to-date: /home/ubuntu/dev_ws/install/turtlesim/lib/libturtlesim__rosidl_generator_c.so
[4.815s] -- Up-to-date: /home/ubuntu/dev_ws/install/turtlesim/include/turtlesim
[4.816s] -- Up-to-date: /home/ubuntu/dev_ws/install/turtlesim/include/turtlesim/msg
[4.816s] -- Up-to-date: /home/ubuntu/dev_ws/install/turtlesim/include/turtlesim/msg/detail
[4.817s] -- Up-to-date: /home/ubuntu/dev_ws/install/turtlesim/include/turtlesim/msg/detail/color__rosidl_typesupport_fastrtps_c.h
[4.817s] -- Up-to-date: /home/ubuntu/dev_ws/install/turtlesim/include/turtlesim/msg/detail/pose__rosidl_typesupport_fastrtps_c.h
[4.817s] -- Up-to-date: /home/ubuntu/dev_ws/install/turtlesim/include/turtlesim/msg/rosidl_typesupport_fastrtps_c__visibility_control.h
[4.818s] -- Up-to-date: /home/ubuntu/dev_ws/install/turtlesim/include/turtlesim/srv
[4.818s] -- Up-to-date: /home/ubuntu/dev_ws/install/turtlesim/include/turtlesim/srv/detail
[4.819s] -- Up-to-date: /home/ubuntu/dev_ws/install/turtlesim/include/turtlesim/srv/detail/teleport_absolute__rosidl_typesupport_fastrtps_c.h
[4.819s] -- Up-to-date: /home/ubuntu/dev_ws/install/turtlesim/include/turtlesim/srv/detail/kill__rosidl_typesupport_fastrtps_c.h
[4.820s] -- Up-to-date: /home/ubuntu/dev_ws/install/turtlesim/include/turtlesim/srv/detail/set_pen__rosidl_typesupport_fastrtps_c.h
[4.820s] -- Up-to-date: /home/ubuntu/dev_ws/install/turtlesim/include/turtlesim/srv/detail/spawn__rosidl_typesupport_fastrtps_c.h
[4.820s] -- Up-to-date: /home/ubuntu/dev_ws/install/turtlesim/include/turtlesim/srv/detail/teleport_relative__rosidl_typesupport_fastrtps_c.h
[4.821s] -- Up-to-date: /home/ubuntu/dev_ws/install/turtlesim/include/turtlesim/action
[4.821s] -- Up-to-date: /home/ubuntu/dev_ws/install/turtlesim/include/turtlesim/action/detail
[4.822s] -- Up-to-date: /home/ubuntu/dev_ws/install/turtlesim/include/turtlesim/action/detail/rotate_absolute__rosidl_typesupport_fastrtps_c.h
[4.822s] -- Up-to-date: /home/ubuntu/dev_ws/install/turtlesim/lib/libturtlesim__rosidl_typesupport_fastrtps_c.so
[4.823s] -- Up-to-date: /home/ubuntu/dev_ws/install/turtlesim/include/turtlesim
[4.823s] -- Up-to-date: /home/ubuntu/dev_ws/install/turtlesim/include/turtlesim/msg
[4.823s] -- Up-to-date: /home/ubuntu/dev_ws/install/turtlesim/include/turtlesim/msg/detail
[4.824s] -- Up-to-date: /home/ubuntu/dev_ws/install/turtlesim/include/turtlesim/msg/detail/color__rosidl_typesupport_fastrtps_cpp.hpp
[4.824s] -- Up-to-date: /home/ubuntu/dev_ws/install/turtlesim/include/turtlesim/msg/detail/pose__rosidl_typesupport_fastrtps_cpp.hpp
[4.825s] -- Up-to-date: /home/ubuntu/dev_ws/install/turtlesim/include/turtlesim/msg/detail/dds_fastrtps
[4.825s] -- Up-to-date: /home/ubuntu/dev_ws/install/turtlesim/include/turtlesim/msg/rosidl_typesupport_fastrtps_cpp__visibility_control.h
[4.826s] -- Up-to-date: /home/ubuntu/dev_ws/install/turtlesim/include/turtlesim/srv
[4.826s] -- Up-to-date: /home/ubuntu/dev_ws/install/turtlesim/include/turtlesim/srv/detail
[4.826s] -- Up-to-date: /home/ubuntu/dev_ws/install/turtlesim/include/turtlesim/srv/detail/teleport_relative__rosidl_typesupport_fastrtps_cpp.hpp
[4.827s] -- Up-to-date: /home/ubuntu/dev_ws/install/turtlesim/include/turtlesim/srv/detail/teleport_absolute__rosidl_typesupport_fastrtps_cpp.hpp
[4.827s] -- Up-to-date: /home/ubuntu/dev_ws/install/turtlesim/include/turtlesim/srv/detail/set_pen__rosidl_typesupport_fastrtps_cpp.hpp
[4.827s] -- Up-to-date: /home/ubuntu/dev_ws/install/turtlesim/include/turtlesim/srv/detail/dds_fastrtps
[4.828s] -- Up-to-date: /home/ubuntu/dev_ws/install/turtlesim/include/turtlesim/srv/detail/spawn__rosidl_typesupport_fastrtps_cpp.hpp
[4.828s] -- Up-to-date: /home/ubuntu/dev_ws/install/turtlesim/include/turtlesim/srv/detail/kill__rosidl_typesupport_fastrtps_cpp.hpp
[4.829s] -- Up-to-date: /home/ubuntu/dev_ws/install/turtlesim/include/turtlesim/action
[4.829s] -- Up-to-date: /home/ubuntu/dev_ws/install/turtlesim/include/turtlesim/action/detail
[4.830s] -- Up-to-date: /home/ubuntu/dev_ws/install/turtlesim/include/turtlesim/action/detail/dds_fastrtps
[4.830s] -- Up-to-date: /home/ubuntu/dev_ws/install/turtlesim/include/turtlesim/action/detail/rotate_absolute__rosidl_typesupport_fastrtps_cpp.hpp
[4.831s] -- Up-to-date: /home/ubuntu/dev_ws/install/turtlesim/lib/libturtlesim__rosidl_typesupport_fastrtps_cpp.so
[4.831s] -- Up-to-date: /home/ubuntu/dev_ws/install/turtlesim/include/turtlesim
[4.832s] -- Up-to-date: /home/ubuntu/dev_ws/install/turtlesim/include/turtlesim/msg
[4.832s] -- Up-to-date: /home/ubuntu/dev_ws/install/turtlesim/include/turtlesim/msg/detail
[4.832s] -- Up-to-date: /home/ubuntu/dev_ws/install/turtlesim/include/turtlesim/msg/detail/pose__type_support.c
[4.833s] -- Up-to-date: /home/ubuntu/dev_ws/install/turtlesim/include/turtlesim/msg/detail/color__rosidl_typesupport_introspection_c.h
[4.833s] -- Up-to-date: /home/ubuntu/dev_ws/install/turtlesim/include/turtlesim/msg/detail/color__type_support.c
[4.834s] -- Up-to-date: /home/ubuntu/dev_ws/install/turtlesim/include/turtlesim/msg/detail/pose__rosidl_typesupport_introspection_c.h
[4.834s] -- Up-to-date: /home/ubuntu/dev_ws/install/turtlesim/include/turtlesim/msg/rosidl_typesupport_introspection_c__visibility_control.h
[4.835s] -- Up-to-date: /home/ubuntu/dev_ws/install/turtlesim/include/turtlesim/srv
[4.835s] -- Up-to-date: /home/ubuntu/dev_ws/install/turtlesim/include/turtlesim/srv/detail
[4.835s] -- Up-to-date: /home/ubuntu/dev_ws/install/turtlesim/include/turtlesim/srv/detail/teleport_absolute__type_support.c
[4.836s] -- Up-to-date: /home/ubuntu/dev_ws/install/turtlesim/include/turtlesim/srv/detail/teleport_relative__rosidl_typesupport_introspection_c.h
[4.836s] -- Up-to-date: /home/ubuntu/dev_ws/install/turtlesim/include/turtlesim/srv/detail/teleport_absolute__rosidl_typesupport_introspection_c.h
[4.836s] -- Up-to-date: /home/ubuntu/dev_ws/install/turtlesim/include/turtlesim/srv/detail/set_pen__type_support.c
[4.837s] -- Up-to-date: /home/ubuntu/dev_ws/install/turtlesim/include/turtlesim/srv/detail/kill__rosidl_typesupport_introspection_c.h
[4.837s] -- Up-to-date: /home/ubuntu/dev_ws/install/turtlesim/include/turtlesim/srv/detail/kill__type_support.c
[4.838s] -- Up-to-date: /home/ubuntu/dev_ws/install/turtlesim/include/turtlesim/srv/detail/teleport_relative__type_support.c
[4.838s] -- Up-to-date: /home/ubuntu/dev_ws/install/turtlesim/include/turtlesim/srv/detail/spawn__type_support.c
[4.838s] -- Up-to-date: /home/ubuntu/dev_ws/install/turtlesim/include/turtlesim/srv/detail/set_pen__rosidl_typesupport_introspection_c.h
[4.839s] -- Up-to-date: /home/ubuntu/dev_ws/install/turtlesim/include/turtlesim/srv/detail/spawn__rosidl_typesupport_introspection_c.h
[4.839s] -- Up-to-date: /home/ubuntu/dev_ws/install/turtlesim/include/turtlesim/action
[4.840s] -- Up-to-date: /home/ubuntu/dev_ws/install/turtlesim/include/turtlesim/action/detail
[4.840s] -- Up-to-date: /home/ubuntu/dev_ws/install/turtlesim/include/turtlesim/action/detail/rotate_absolute__type_support.c
[4.841s] -- Up-to-date: /home/ubuntu/dev_ws/install/turtlesim/include/turtlesim/action/detail/rotate_absolute__rosidl_typesupport_introspection_c.h
[4.841s] -- Up-to-date: /home/ubuntu/dev_ws/install/turtlesim/lib/libturtlesim__rosidl_typesupport_introspection_c.so
[4.842s] -- Up-to-date: /home/ubuntu/dev_ws/install/turtlesim/lib/libturtlesim__rosidl_typesupport_c.so
[4.842s] -- Up-to-date: /home/ubuntu/dev_ws/install/turtlesim/include/turtlesim
[4.842s] -- Up-to-date: /home/ubuntu/dev_ws/install/turtlesim/include/turtlesim/msg
[4.843s] -- Up-to-date: /home/ubuntu/dev_ws/install/turtlesim/include/turtlesim/msg/pose.hpp
[4.843s] -- Up-to-date: /home/ubuntu/dev_ws/install/turtlesim/include/turtlesim/msg/detail
[4.844s] -- Up-to-date: /home/ubuntu/dev_ws/install/turtlesim/include/turtlesim/msg/detail/pose__traits.hpp
[4.844s] -- Up-to-date: /home/ubuntu/dev_ws/install/turtlesim/include/turtlesim/msg/detail/color__builder.hpp
[4.845s] -- Up-to-date: /home/ubuntu/dev_ws/install/turtlesim/include/turtlesim/msg/detail/color__struct.hpp
[4.845s] -- Up-to-date: /home/ubuntu/dev_ws/install/turtlesim/include/turtlesim/msg/detail/color__traits.hpp
[4.845s] -- Up-to-date: /home/ubuntu/dev_ws/install/turtlesim/include/turtlesim/msg/detail/pose__builder.hpp
[4.846s] -- Up-to-date: /home/ubuntu/dev_ws/install/turtlesim/include/turtlesim/msg/detail/pose__struct.hpp
[4.846s] -- Up-to-date: /home/ubuntu/dev_ws/install/turtlesim/include/turtlesim/msg/color.hpp
[4.847s] -- Up-to-date: /home/ubuntu/dev_ws/install/turtlesim/include/turtlesim/srv
[4.847s] -- Up-to-date: /home/ubuntu/dev_ws/install/turtlesim/include/turtlesim/srv/teleport_absolute.hpp
[4.848s] -- Up-to-date: /home/ubuntu/dev_ws/install/turtlesim/include/turtlesim/srv/teleport_relative.hpp
[4.848s] -- Up-to-date: /home/ubuntu/dev_ws/install/turtlesim/include/turtlesim/srv/detail
[4.849s] -- Up-to-date: /home/ubuntu/dev_ws/install/turtlesim/include/turtlesim/srv/detail/kill__builder.hpp
[4.849s] -- Up-to-date: /home/ubuntu/dev_ws/install/turtlesim/include/turtlesim/srv/detail/kill__traits.hpp
[4.849s] -- Up-to-date: /home/ubuntu/dev_ws/install/turtlesim/include/turtlesim/srv/detail/set_pen__traits.hpp
[4.850s] -- Up-to-date: /home/ubuntu/dev_ws/install/turtlesim/include/turtlesim/srv/detail/set_pen__struct.hpp
[4.850s] -- Up-to-date: /home/ubuntu/dev_ws/install/turtlesim/include/turtlesim/srv/detail/teleport_relative__builder.hpp
[4.851s] -- Up-to-date: /home/ubuntu/dev_ws/install/turtlesim/include/turtlesim/srv/detail/teleport_absolute__builder.hpp
[4.851s] -- Up-to-date: /home/ubuntu/dev_ws/install/turtlesim/include/turtlesim/srv/detail/teleport_relative__struct.hpp
[4.852s] -- Up-to-date: /home/ubuntu/dev_ws/install/turtlesim/include/turtlesim/srv/detail/teleport_absolute__struct.hpp
[4.852s] -- Up-to-date: /home/ubuntu/dev_ws/install/turtlesim/include/turtlesim/srv/detail/spawn__struct.hpp
[4.852s] -- Up-to-date: /home/ubuntu/dev_ws/install/turtlesim/include/turtlesim/srv/detail/spawn__builder.hpp
[4.853s] -- Up-to-date: /home/ubuntu/dev_ws/install/turtlesim/include/turtlesim/srv/detail/set_pen__builder.hpp
[4.853s] -- Up-to-date: /home/ubuntu/dev_ws/install/turtlesim/include/turtlesim/srv/detail/kill__struct.hpp
[4.854s] -- Up-to-date: /home/ubuntu/dev_ws/install/turtlesim/include/turtlesim/srv/detail/teleport_relative__traits.hpp
[4.854s] -- Up-to-date: /home/ubuntu/dev_ws/install/turtlesim/include/turtlesim/srv/detail/spawn__traits.hpp
[4.855s] -- Up-to-date: /home/ubuntu/dev_ws/install/turtlesim/include/turtlesim/srv/detail/teleport_absolute__traits.hpp
[4.855s] -- Up-to-date: /home/ubuntu/dev_ws/install/turtlesim/include/turtlesim/srv/spawn.hpp
[4.856s] -- Up-to-date: /home/ubuntu/dev_ws/install/turtlesim/include/turtlesim/srv/kill.hpp
[4.856s] -- Up-to-date: /home/ubuntu/dev_ws/install/turtlesim/include/turtlesim/srv/set_pen.hpp
[4.856s] -- Up-to-date: /home/ubuntu/dev_ws/install/turtlesim/include/turtlesim/action
[4.857s] -- Up-to-date: /home/ubuntu/dev_ws/install/turtlesim/include/turtlesim/action/rotate_absolute.hpp
[4.857s] -- Up-to-date: /home/ubuntu/dev_ws/install/turtlesim/include/turtlesim/action/detail
[4.857s] -- Up-to-date: /home/ubuntu/dev_ws/install/turtlesim/include/turtlesim/action/detail/rotate_absolute__builder.hpp
[4.858s] -- Up-to-date: /home/ubuntu/dev_ws/install/turtlesim/include/turtlesim/action/detail/rotate_absolute__traits.hpp
[4.858s] -- Up-to-date: /home/ubuntu/dev_ws/install/turtlesim/include/turtlesim/action/detail/rotate_absolute__struct.hpp
[4.859s] -- Up-to-date: /home/ubuntu/dev_ws/install/turtlesim/include/turtlesim
[4.859s] -- Up-to-date: /home/ubuntu/dev_ws/install/turtlesim/include/turtlesim/msg
[4.859s] -- Up-to-date: /home/ubuntu/dev_ws/install/turtlesim/include/turtlesim/msg/detail
[4.860s] -- Up-to-date: /home/ubuntu/dev_ws/install/turtlesim/include/turtlesim/msg/detail/color__rosidl_typesupport_introspection_cpp.hpp
[4.860s] -- Up-to-date: /home/ubuntu/dev_ws/install/turtlesim/include/turtlesim/msg/detail/color__type_support.cpp
[4.860s] -- Up-to-date: /home/ubuntu/dev_ws/install/turtlesim/include/turtlesim/msg/detail/pose__rosidl_typesupport_introspection_cpp.hpp
[4.861s] -- Up-to-date: /home/ubuntu/dev_ws/install/turtlesim/include/turtlesim/msg/detail/pose__type_support.cpp
[4.861s] -- Up-to-date: /home/ubuntu/dev_ws/install/turtlesim/include/turtlesim/srv
[4.862s] -- Up-to-date: /home/ubuntu/dev_ws/install/turtlesim/include/turtlesim/srv/detail
[4.862s] -- Up-to-date: /home/ubuntu/dev_ws/install/turtlesim/include/turtlesim/srv/detail/teleport_absolute__type_support.cpp
[4.863s] -- Up-to-date: /home/ubuntu/dev_ws/install/turtlesim/include/turtlesim/srv/detail/set_pen__rosidl_typesupport_introspection_cpp.hpp
[4.863s] -- Up-to-date: /home/ubuntu/dev_ws/install/turtlesim/include/turtlesim/srv/detail/teleport_relative__rosidl_typesupport_introspection_cpp.hpp
[4.863s] -- Up-to-date: /home/ubuntu/dev_ws/install/turtlesim/include/turtlesim/srv/detail/spawn__rosidl_typesupport_introspection_cpp.hpp
[4.864s] -- Up-to-date: /home/ubuntu/dev_ws/install/turtlesim/include/turtlesim/srv/detail/teleport_absolute__rosidl_typesupport_introspection_cpp.hpp
[4.864s] -- Up-to-date: /home/ubuntu/dev_ws/install/turtlesim/include/turtlesim/srv/detail/kill__rosidl_typesupport_introspection_cpp.hpp
[4.864s] -- Up-to-date: /home/ubuntu/dev_ws/install/turtlesim/include/turtlesim/srv/detail/spawn__type_support.cpp
[4.865s] -- Up-to-date: /home/ubuntu/dev_ws/install/turtlesim/include/turtlesim/srv/detail/teleport_relative__type_support.cpp
[4.865s] -- Up-to-date: /home/ubuntu/dev_ws/install/turtlesim/include/turtlesim/srv/detail/kill__type_support.cpp
[4.866s] -- Up-to-date: /home/ubuntu/dev_ws/install/turtlesim/include/turtlesim/srv/detail/set_pen__type_support.cpp
[4.866s] -- Up-to-date: /home/ubuntu/dev_ws/install/turtlesim/include/turtlesim/action
[4.866s] -- Up-to-date: /home/ubuntu/dev_ws/install/turtlesim/include/turtlesim/action/detail
[4.867s] -- Up-to-date: /home/ubuntu/dev_ws/install/turtlesim/include/turtlesim/action/detail/rotate_absolute__type_support.cpp
[4.867s] -- Up-to-date: /home/ubuntu/dev_ws/install/turtlesim/include/turtlesim/action/detail/rotate_absolute__rosidl_typesupport_introspection_cpp.hpp
[4.867s] -- Up-to-date: /home/ubuntu/dev_ws/install/turtlesim/lib/libturtlesim__rosidl_typesupport_introspection_cpp.so
[4.868s] -- Up-to-date: /home/ubuntu/dev_ws/install/turtlesim/lib/libturtlesim__rosidl_typesupport_cpp.so
[4.868s] -- Up-to-date: /home/ubuntu/dev_ws/install/turtlesim/share/turtlesim/environment/pythonpath.sh
[4.868s] -- Up-to-date: /home/ubuntu/dev_ws/install/turtlesim/share/turtlesim/environment/pythonpath.dsv
[4.869s] -- Up-to-date: /home/ubuntu/dev_ws/install/turtlesim/lib/python3.8/site-packages/turtlesim/__init__.py
[5.050s] -- Up-to-date: /home/ubuntu/dev_ws/install/turtlesim/lib/python3.8/site-packages/turtlesim/action
[5.050s] -- Up-to-date: /home/ubuntu/dev_ws/install/turtlesim/lib/python3.8/site-packages/turtlesim/action/__init__.py
[5.051s] -- Up-to-date: /home/ubuntu/dev_ws/install/turtlesim/lib/python3.8/site-packages/turtlesim/action/_rotate_absolute.py
[5.051s] -- Up-to-date: /home/ubuntu/dev_ws/install/turtlesim/lib/python3.8/site-packages/turtlesim/action/_rotate_absolute_s.c
[5.052s] -- Up-to-date: /home/ubuntu/dev_ws/install/turtlesim/lib/python3.8/site-packages/turtlesim/msg
[5.052s] -- Up-to-date: /home/ubuntu/dev_ws/install/turtlesim/lib/python3.8/site-packages/turtlesim/msg/__init__.py
[5.053s] -- Up-to-date: /home/ubuntu/dev_ws/install/turtlesim/lib/python3.8/site-packages/turtlesim/msg/_pose_s.c
[5.053s] -- Up-to-date: /home/ubuntu/dev_ws/install/turtlesim/lib/python3.8/site-packages/turtlesim/msg/_pose.py
[5.054s] -- Up-to-date: /home/ubuntu/dev_ws/install/turtlesim/lib/python3.8/site-packages/turtlesim/msg/_color.py
[5.054s] -- Up-to-date: /home/ubuntu/dev_ws/install/turtlesim/lib/python3.8/site-packages/turtlesim/msg/_color_s.c
[5.055s] -- Up-to-date: /home/ubuntu/dev_ws/install/turtlesim/lib/python3.8/site-packages/turtlesim/srv
[5.055s] -- Up-to-date: /home/ubuntu/dev_ws/install/turtlesim/lib/python3.8/site-packages/turtlesim/srv/__init__.py
[5.056s] -- Up-to-date: /home/ubuntu/dev_ws/install/turtlesim/lib/python3.8/site-packages/turtlesim/srv/_teleport_absolute_s.c
[5.056s] -- Up-to-date: /home/ubuntu/dev_ws/install/turtlesim/lib/python3.8/site-packages/turtlesim/srv/_set_pen_s.c
[5.056s] -- Up-to-date: /home/ubuntu/dev_ws/install/turtlesim/lib/python3.8/site-packages/turtlesim/srv/_teleport_relative.py
[5.057s] -- Up-to-date: /home/ubuntu/dev_ws/install/turtlesim/lib/python3.8/site-packages/turtlesim/srv/_teleport_absolute.py
[5.057s] -- Up-to-date: /home/ubuntu/dev_ws/install/turtlesim/lib/python3.8/site-packages/turtlesim/srv/_kill_s.c
[5.057s] -- Up-to-date: /home/ubuntu/dev_ws/install/turtlesim/lib/python3.8/site-packages/turtlesim/srv/_kill.py
[5.058s] -- Up-to-date: /home/ubuntu/dev_ws/install/turtlesim/lib/python3.8/site-packages/turtlesim/srv/_spawn_s.c
[5.058s] -- Up-to-date: /home/ubuntu/dev_ws/install/turtlesim/lib/python3.8/site-packages/turtlesim/srv/_spawn.py
[5.059s] -- Up-to-date: /home/ubuntu/dev_ws/install/turtlesim/lib/python3.8/site-packages/turtlesim/srv/_teleport_relative_s.c
[5.059s] -- Up-to-date: /home/ubuntu/dev_ws/install/turtlesim/lib/python3.8/site-packages/turtlesim/srv/_set_pen.py
[5.059s] -- Up-to-date: /home/ubuntu/dev_ws/install/turtlesim/lib/python3.8/site-packages/turtlesim/turtlesim_s__rosidl_typesupport_fastrtps_c.cpython-38-aarch64-linux-gnu.so
[5.060s] -- Up-to-date: /home/ubuntu/dev_ws/install/turtlesim/lib/python3.8/site-packages/turtlesim/turtlesim_s__rosidl_typesupport_introspection_c.cpython-38-aarch64-linux-gnu.so
[5.063s] -- Up-to-date: /home/ubuntu/dev_ws/install/turtlesim/lib/python3.8/site-packages/turtlesim/turtlesim_s__rosidl_typesupport_c.cpython-38-aarch64-linux-gnu.so
[5.065s] -- Up-to-date: /home/ubuntu/dev_ws/install/turtlesim/lib/libturtlesim__python.so
[5.067s] -- Up-to-date: /home/ubuntu/dev_ws/install/turtlesim/share/turtlesim/action/RotateAbsolute.idl
[5.067s] -- Up-to-date: /home/ubuntu/dev_ws/install/turtlesim/share/turtlesim/msg/Color.idl
[5.068s] -- Up-to-date: /home/ubuntu/dev_ws/install/turtlesim/share/turtlesim/msg/Pose.idl
[5.068s] -- Up-to-date: /home/ubuntu/dev_ws/install/turtlesim/share/turtlesim/srv/Kill.idl
[5.069s] -- Up-to-date: /home/ubuntu/dev_ws/install/turtlesim/share/turtlesim/srv/SetPen.idl
[5.069s] -- Up-to-date: /home/ubuntu/dev_ws/install/turtlesim/share/turtlesim/srv/Spawn.idl
[5.070s] -- Up-to-date: /home/ubuntu/dev_ws/install/turtlesim/share/turtlesim/srv/TeleportAbsolute.idl
[5.070s] -- Up-to-date: /home/ubuntu/dev_ws/install/turtlesim/share/turtlesim/srv/TeleportRelative.idl
[5.071s] -- Up-to-date: /home/ubuntu/dev_ws/install/turtlesim/share/turtlesim/action/RotateAbsolute.action
[5.071s] -- Up-to-date: /home/ubuntu/dev_ws/install/turtlesim/share/turtlesim/msg/Color.msg
[5.072s] -- Up-to-date: /home/ubuntu/dev_ws/install/turtlesim/share/turtlesim/msg/Pose.msg
[5.072s] -- Up-to-date: /home/ubuntu/dev_ws/install/turtlesim/share/turtlesim/srv/Kill.srv
[5.073s] -- Up-to-date: /home/ubuntu/dev_ws/install/turtlesim/share/turtlesim/srv/Kill_Request.msg
[5.074s] -- Up-to-date: /home/ubuntu/dev_ws/install/turtlesim/share/turtlesim/srv/Kill_Response.msg
[5.075s] -- Up-to-date: /home/ubuntu/dev_ws/install/turtlesim/share/turtlesim/srv/SetPen.srv
[5.075s] -- Up-to-date: /home/ubuntu/dev_ws/install/turtlesim/share/turtlesim/srv/SetPen_Request.msg
[5.075s] -- Up-to-date: /home/ubuntu/dev_ws/install/turtlesim/share/turtlesim/srv/SetPen_Response.msg
[5.076s] -- Up-to-date: /home/ubuntu/dev_ws/install/turtlesim/share/turtlesim/srv/Spawn.srv
[5.076s] -- Up-to-date: /home/ubuntu/dev_ws/install/turtlesim/share/turtlesim/srv/Spawn_Request.msg
[5.077s] -- Up-to-date: /home/ubuntu/dev_ws/install/turtlesim/share/turtlesim/srv/Spawn_Response.msg
[5.077s] -- Up-to-date: /home/ubuntu/dev_ws/install/turtlesim/share/turtlesim/srv/TeleportAbsolute.srv
[5.078s] -- Up-to-date: /home/ubuntu/dev_ws/install/turtlesim/share/turtlesim/srv/TeleportAbsolute_Request.msg
[5.078s] -- Up-to-date: /home/ubuntu/dev_ws/install/turtlesim/share/turtlesim/srv/TeleportAbsolute_Response.msg
[5.078s] -- Up-to-date: /home/ubuntu/dev_ws/install/turtlesim/share/turtlesim/srv/TeleportRelative.srv
[5.079s] -- Up-to-date: /home/ubuntu/dev_ws/install/turtlesim/share/turtlesim/srv/TeleportRelative_Request.msg
[5.079s] -- Up-to-date: /home/ubuntu/dev_ws/install/turtlesim/share/turtlesim/srv/TeleportRelative_Response.msg
[5.079s] -- Up-to-date: /home/ubuntu/dev_ws/install/turtlesim/lib/turtlesim/turtlesim_node
[5.081s] -- Up-to-date: /home/ubuntu/dev_ws/install/turtlesim/lib/turtlesim/turtle_teleop_key
[5.083s] -- Up-to-date: /home/ubuntu/dev_ws/install/turtlesim/lib/turtlesim/draw_square
[5.085s] -- Up-to-date: /home/ubuntu/dev_ws/install/turtlesim/lib/turtlesim/mimic
[5.086s] -- Up-to-date: /home/ubuntu/dev_ws/install/turtlesim/share/turtlesim/images
[5.087s] -- Up-to-date: /home/ubuntu/dev_ws/install/turtlesim/share/turtlesim/images/eloquent.png
[5.088s] -- Up-to-date: /home/ubuntu/dev_ws/install/turtlesim/share/turtlesim/images/ardent.png
[5.088s] -- Up-to-date: /home/ubuntu/dev_ws/install/turtlesim/share/turtlesim/images/bouncy.png
[5.088s] -- Up-to-date: /home/ubuntu/dev_ws/install/turtlesim/share/turtlesim/images/crystal.png
[5.089s] -- Up-to-date: /home/ubuntu/dev_ws/install/turtlesim/share/turtlesim/images/foxy.png
[5.089s] -- Up-to-date: /home/ubuntu/dev_ws/install/turtlesim/share/turtlesim/images/dashing.png
[5.090s] -- Up-to-date: /home/ubuntu/dev_ws/install/turtlesim/share/turtlesim/launch
[5.090s] -- Up-to-date: /home/ubuntu/dev_ws/install/turtlesim/share/turtlesim/launch/multisim.launch.py
[5.091s] -- Up-to-date: /home/ubuntu/dev_ws/install/turtlesim/share/ament_index/resource_index/package_run_dependencies/turtlesim
[5.091s] -- Up-to-date: /home/ubuntu/dev_ws/install/turtlesim/share/ament_index/resource_index/parent_prefix_path/turtlesim
[5.092s] -- Up-to-date: /home/ubuntu/dev_ws/install/turtlesim/share/turtlesim/environment/ament_prefix_path.sh
[5.092s] -- Up-to-date: /home/ubuntu/dev_ws/install/turtlesim/share/turtlesim/environment/ament_prefix_path.dsv
[5.093s] -- Up-to-date: /home/ubuntu/dev_ws/install/turtlesim/share/turtlesim/environment/path.sh
[5.093s] -- Up-to-date: /home/ubuntu/dev_ws/install/turtlesim/share/turtlesim/environment/path.dsv
[5.094s] -- Up-to-date: /home/ubuntu/dev_ws/install/turtlesim/share/turtlesim/local_setup.bash
[5.094s] -- Up-to-date: /home/ubuntu/dev_ws/install/turtlesim/share/turtlesim/local_setup.sh
[5.095s] -- Up-to-date: /home/ubuntu/dev_ws/install/turtlesim/share/turtlesim/local_setup.zsh
[5.095s] -- Up-to-date: /home/ubuntu/dev_ws/install/turtlesim/share/turtlesim/local_setup.dsv
[5.095s] -- Installing: /home/ubuntu/dev_ws/install/turtlesim/share/turtlesim/package.dsv
[5.096s] -- Up-to-date: /home/ubuntu/dev_ws/install/turtlesim/share/ament_index/resource_index/packages/turtlesim
[5.096s] -- Up-to-date: /home/ubuntu/dev_ws/install/turtlesim/share/turtlesim/cmake/turtlesim__rosidl_generator_cExport.cmake
[5.097s] -- Up-to-date: /home/ubuntu/dev_ws/install/turtlesim/share/turtlesim/cmake/turtlesim__rosidl_generator_cExport-noconfig.cmake
[5.097s] -- Up-to-date: /home/ubuntu/dev_ws/install/turtlesim/share/turtlesim/cmake/turtlesim__rosidl_typesupport_introspection_cExport.cmake
[5.098s] -- Up-to-date: /home/ubuntu/dev_ws/install/turtlesim/share/turtlesim/cmake/turtlesim__rosidl_typesupport_introspection_cExport-noconfig.cmake
[5.099s] -- Up-to-date: /home/ubuntu/dev_ws/install/turtlesim/share/turtlesim/cmake/turtlesim__rosidl_typesupport_cExport.cmake
[5.099s] -- Up-to-date: /home/ubuntu/dev_ws/install/turtlesim/share/turtlesim/cmake/turtlesim__rosidl_typesupport_cExport-noconfig.cmake
[5.100s] -- Up-to-date: /home/ubuntu/dev_ws/install/turtlesim/share/turtlesim/cmake/turtlesim__rosidl_generator_cppExport.cmake
[5.102s] -- Up-to-date: /home/ubuntu/dev_ws/install/turtlesim/share/turtlesim/cmake/turtlesim__rosidl_typesupport_introspection_cppExport.cmake
[5.103s] -- Up-to-date: /home/ubuntu/dev_ws/install/turtlesim/share/turtlesim/cmake/turtlesim__rosidl_typesupport_introspection_cppExport-noconfig.cmake
[5.106s] -- Up-to-date: /home/ubuntu/dev_ws/install/turtlesim/share/turtlesim/cmake/turtlesim__rosidl_typesupport_cppExport.cmake
[5.106s] -- Up-to-date: /home/ubuntu/dev_ws/install/turtlesim/share/turtlesim/cmake/turtlesim__rosidl_typesupport_cppExport-noconfig.cmake
[5.108s] -- Up-to-date: /home/ubuntu/dev_ws/install/turtlesim/share/turtlesim/cmake/rosidl_cmake-extras.cmake
[5.108s] -- Up-to-date: /home/ubuntu/dev_ws/install/turtlesim/share/turtlesim/cmake/ament_cmake_export_dependencies-extras.cmake
[5.109s] -- Up-to-date: /home/ubuntu/dev_ws/install/turtlesim/share/turtlesim/cmake/ament_cmake_export_libraries-extras.cmake
[5.109s] -- Up-to-date: /home/ubuntu/dev_ws/install/turtlesim/share/turtlesim/cmake/ament_cmake_export_targets-extras.cmake
[5.110s] -- Up-to-date: /home/ubuntu/dev_ws/install/turtlesim/share/turtlesim/cmake/ament_cmake_export_include_directories-extras.cmake
[5.111s] -- Up-to-date: /home/ubuntu/dev_ws/install/turtlesim/share/turtlesim/cmake/rosidl_cmake_export_typesupport_libraries-extras.cmake
[5.111s] -- Up-to-date: /home/ubuntu/dev_ws/install/turtlesim/share/turtlesim/cmake/rosidl_cmake_export_typesupport_targets-extras.cmake
[5.111s] -- Up-to-date: /home/ubuntu/dev_ws/install/turtlesim/share/turtlesim/cmake/turtlesimConfig.cmake
[5.112s] -- Up-to-date: /home/ubuntu/dev_ws/install/turtlesim/share/turtlesim/cmake/turtlesimConfig-version.cmake
[5.112s] -- Up-to-date: /home/ubuntu/dev_ws/install/turtlesim/share/turtlesim/package.xml
[5.123s] Invoked command in '/home/ubuntu/dev_ws/build/turtlesim' returned '0': CMAKE_PREFIX_PATH=${CMAKE_PREFIX_PATH}:/home/ubuntu/ros2_opencv_ws/install/cv_basics:/home/ubuntu/turtlebot3_ws/install/turtlebot3_teleop:/home/ubuntu/turtlebot3_ws/install/turtlebot3_example:/opt/ros/foxy /usr/bin/cmake --install /home/ubuntu/dev_ws/build/turtlesim
